{"name":"hexo","hostname":"lingdeMacBook.local","pid":4314,"level":20,"msg":"Hexo version: \u001b[35m3.2.2\u001b[39m","time":"2017-01-01T16:09:28.888Z","v":0}
{"name":"hexo","hostname":"lingdeMacBook.local","pid":4314,"level":20,"msg":"Working directory: \u001b[35m~/Github/nextjs-club.github.io/\u001b[39m","time":"2017-01-01T16:09:28.891Z","v":0}
{"name":"hexo","hostname":"lingdeMacBook.local","pid":4314,"level":20,"msg":"Updating package.json","time":"2017-01-01T16:09:29.063Z","v":0}
{"name":"hexo","hostname":"lingdeMacBook.local","pid":4314,"level":20,"msg":"Config loaded: \u001b[35m~/Github/nextjs-club.github.io/_config.yml\u001b[39m","time":"2017-01-01T16:09:29.076Z","v":0}
{"name":"hexo","hostname":"lingdeMacBook.local","pid":4314,"level":20,"msg":"Plugin loaded: \u001b[35mhexo-generator-tag\u001b[39m","time":"2017-01-01T16:09:29.099Z","v":0}
{"name":"hexo","hostname":"lingdeMacBook.local","pid":4314,"level":20,"msg":"Plugin loaded: \u001b[35mhexo-generator-category\u001b[39m","time":"2017-01-01T16:09:29.104Z","v":0}
{"name":"hexo","hostname":"lingdeMacBook.local","pid":4314,"level":20,"msg":"Plugin loaded: \u001b[35mhexo-generator-archive\u001b[39m","time":"2017-01-01T16:09:29.107Z","v":0}
{"name":"hexo","hostname":"lingdeMacBook.local","pid":4314,"level":20,"msg":"Plugin loaded: \u001b[35mhexo-generator-index\u001b[39m","time":"2017-01-01T16:09:29.109Z","v":0}
{"name":"hexo","hostname":"lingdeMacBook.local","pid":4314,"level":20,"msg":"Plugin loaded: \u001b[35mhexo-renderer-marked\u001b[39m","time":"2017-01-01T16:09:29.116Z","v":0}
{"name":"hexo","hostname":"lingdeMacBook.local","pid":4314,"level":20,"msg":"Plugin loaded: \u001b[35mhexo-renderer-ejs\u001b[39m","time":"2017-01-01T16:09:29.121Z","v":0}
{"name":"hexo","hostname":"lingdeMacBook.local","pid":4314,"level":20,"msg":"Plugin loaded: \u001b[35mhexo-renderer-stylus\u001b[39m","time":"2017-01-01T16:09:29.123Z","v":0}
{"name":"hexo","hostname":"lingdeMacBook.local","pid":4314,"level":20,"msg":"Plugin loaded: \u001b[35mhexo-server\u001b[39m","time":"2017-01-01T16:09:29.261Z","v":0}
{"name":"hexo","hostname":"lingdeMacBook.local","pid":4314,"level":30,"msg":"Start processing","time":"2017-01-01T16:09:29.272Z","v":0}
{"name":"hexo","hostname":"lingdeMacBook.local","pid":4314,"level":20,"msg":"Theme config loaded.","time":"2017-01-01T16:09:29.427Z","v":0}
{"name":"hexo","hostname":"lingdeMacBook.local","pid":4314,"level":20,"msg":"Processed: \u001b[35m_config.yml\u001b[39m","time":"2017-01-01T16:09:29.428Z","v":0}
{"name":"hexo","hostname":"lingdeMacBook.local","pid":4314,"level":20,"msg":"Processed: \u001b[35msource/fonts/MaterialIcons-Regular.woff\u001b[39m","time":"2017-01-01T16:09:29.466Z","v":0}
{"name":"hexo","hostname":"lingdeMacBook.local","pid":4314,"level":20,"msg":"Processed: \u001b[35msource/fonts/MaterialIcons-Regular.woff2\u001b[39m","time":"2017-01-01T16:09:29.467Z","v":0}
{"name":"hexo","hostname":"lingdeMacBook.local","pid":4314,"level":20,"msg":"Processed: \u001b[35msource/css/duoshuo.min.css\u001b[39m","time":"2017-01-01T16:09:29.468Z","v":0}
{"name":"hexo","hostname":"lingdeMacBook.local","pid":4314,"level":20,"msg":"Processed: \u001b[35msource/css/duoshuo.css\u001b[39m","time":"2017-01-01T16:09:29.468Z","v":0}
{"name":"hexo","hostname":"lingdeMacBook.local","pid":4314,"level":20,"msg":"Processed: \u001b[35msource/css/gallery.min.css\u001b[39m","time":"2017-01-01T16:09:29.468Z","v":0}
{"name":"hexo","hostname":"lingdeMacBook.local","pid":4314,"level":20,"msg":"Processed: \u001b[35msource/css/ie-blocker.css\u001b[39m","time":"2017-01-01T16:09:29.469Z","v":0}
{"name":"hexo","hostname":"lingdeMacBook.local","pid":4314,"level":20,"msg":"Processed: \u001b[35msource/css/uc.css\u001b[39m","time":"2017-01-01T16:09:29.469Z","v":0}
{"name":"hexo","hostname":"lingdeMacBook.local","pid":4314,"level":20,"msg":"Processed: \u001b[35msource/img/avatar.png\u001b[39m","time":"2017-01-01T16:09:29.470Z","v":0}
{"name":"hexo","hostname":"lingdeMacBook.local","pid":4314,"level":20,"msg":"Processed: \u001b[35msource/img/favicon.png\u001b[39m","time":"2017-01-01T16:09:29.470Z","v":0}
{"name":"hexo","hostname":"lingdeMacBook.local","pid":4314,"level":20,"msg":"Processed: \u001b[35msource/img/logo.png\u001b[39m","time":"2017-01-01T16:09:29.471Z","v":0}
{"name":"hexo","hostname":"lingdeMacBook.local","pid":4314,"level":20,"msg":"Processed: \u001b[35msource/img/bg.png\u001b[39m","time":"2017-01-01T16:09:29.471Z","v":0}
{"name":"hexo","hostname":"lingdeMacBook.local","pid":4314,"level":20,"msg":"Processed: \u001b[35msource/img/sidebar_header.png\u001b[39m","time":"2017-01-01T16:09:29.471Z","v":0}
{"name":"hexo","hostname":"lingdeMacBook.local","pid":4314,"level":20,"msg":"Processed: \u001b[35msource/img/upyun_logo.png\u001b[39m","time":"2017-01-01T16:09:29.472Z","v":0}
{"name":"hexo","hostname":"lingdeMacBook.local","pid":4314,"level":20,"msg":"Processed: \u001b[35msource/js/ie-blocker.en.js\u001b[39m","time":"2017-01-01T16:09:29.472Z","v":0}
{"name":"hexo","hostname":"lingdeMacBook.local","pid":4314,"level":20,"msg":"Processed: \u001b[35msource/js/ie-blocker.zhCN.js\u001b[39m","time":"2017-01-01T16:09:29.473Z","v":0}
{"name":"hexo","hostname":"lingdeMacBook.local","pid":4314,"level":20,"msg":"Processed: \u001b[35msource/js/highlight.min.js\u001b[39m","time":"2017-01-01T16:09:29.473Z","v":0}
{"name":"hexo","hostname":"lingdeMacBook.local","pid":4314,"level":20,"msg":"Processed: \u001b[35msource/js/smoothscroll.js\u001b[39m","time":"2017-01-01T16:09:29.474Z","v":0}
{"name":"hexo","hostname":"lingdeMacBook.local","pid":4314,"level":20,"msg":"Processed: \u001b[35msource/js/nprogress.js\u001b[39m","time":"2017-01-01T16:09:29.475Z","v":0}
{"name":"hexo","hostname":"lingdeMacBook.local","pid":4314,"level":20,"msg":"Processed: \u001b[35mlayout/index.ejs\u001b[39m","time":"2017-01-01T16:09:29.513Z","v":0}
{"name":"hexo","hostname":"lingdeMacBook.local","pid":4314,"level":20,"msg":"Processed: \u001b[35mlayout/post.ejs\u001b[39m","time":"2017-01-01T16:09:29.513Z","v":0}
{"name":"hexo","hostname":"lingdeMacBook.local","pid":4314,"level":20,"msg":"Processed: \u001b[35mlayout/layout.ejs\u001b[39m","time":"2017-01-01T16:09:29.514Z","v":0}
{"name":"hexo","hostname":"lingdeMacBook.local","pid":4314,"level":20,"msg":"Processed: \u001b[35m_posts/hello-world.md\u001b[39m","time":"2017-01-01T16:09:29.525Z","v":0}
{"name":"hexo","hostname":"lingdeMacBook.local","pid":4314,"level":20,"msg":"Processed: \u001b[35mlanguages/ar.yml\u001b[39m","time":"2017-01-01T16:09:29.526Z","v":0}
{"name":"hexo","hostname":"lingdeMacBook.local","pid":4314,"level":20,"msg":"Processed: \u001b[35mlanguages/en.yml\u001b[39m","time":"2017-01-01T16:09:29.526Z","v":0}
{"name":"hexo","hostname":"lingdeMacBook.local","pid":4314,"level":20,"msg":"Processed: \u001b[35mlanguages/de.yml\u001b[39m","time":"2017-01-01T16:09:29.527Z","v":0}
{"name":"hexo","hostname":"lingdeMacBook.local","pid":4314,"level":20,"msg":"Processed: \u001b[35mlanguages/es.yml\u001b[39m","time":"2017-01-01T16:09:29.527Z","v":0}
{"name":"hexo","hostname":"lingdeMacBook.local","pid":4314,"level":20,"msg":"Processed: \u001b[35mlanguages/fr.yml\u001b[39m","time":"2017-01-01T16:09:29.527Z","v":0}
{"name":"hexo","hostname":"lingdeMacBook.local","pid":4314,"level":20,"msg":"Processed: \u001b[35mlanguages/zh-TW.yml\u001b[39m","time":"2017-01-01T16:09:29.527Z","v":0}
{"name":"hexo","hostname":"lingdeMacBook.local","pid":4314,"level":20,"msg":"Processed: \u001b[35mlanguages/ms.yml\u001b[39m","time":"2017-01-01T16:09:29.527Z","v":0}
{"name":"hexo","hostname":"lingdeMacBook.local","pid":4314,"level":20,"msg":"Processed: \u001b[35mlanguages/zh-CN.yml\u001b[39m","time":"2017-01-01T16:09:29.528Z","v":0}
{"name":"hexo","hostname":"lingdeMacBook.local","pid":4314,"level":20,"msg":"Processed: \u001b[35mlanguages/ja.yml\u001b[39m","time":"2017-01-01T16:09:29.528Z","v":0}
{"name":"hexo","hostname":"lingdeMacBook.local","pid":4314,"level":20,"msg":"Processed: \u001b[35msource/fonts/MaterialIcons-Regular.ttf\u001b[39m","time":"2017-01-01T16:09:29.530Z","v":0}
{"name":"hexo","hostname":"lingdeMacBook.local","pid":4314,"level":20,"msg":"Processed: \u001b[35msource/fonts/FontAwesome.otf\u001b[39m","time":"2017-01-01T16:09:29.533Z","v":0}
{"name":"hexo","hostname":"lingdeMacBook.local","pid":4314,"level":20,"msg":"Processed: \u001b[35msource/fonts/fontawesome-webfont.eot\u001b[39m","time":"2017-01-01T16:09:29.536Z","v":0}
{"name":"hexo","hostname":"lingdeMacBook.local","pid":4314,"level":20,"msg":"Processed: \u001b[35msource/fonts/fontawesome-webfont.woff\u001b[39m","time":"2017-01-01T16:09:29.540Z","v":0}
{"name":"hexo","hostname":"lingdeMacBook.local","pid":4314,"level":20,"msg":"Processed: \u001b[35msource/fonts/fontawesome-webfont.woff2\u001b[39m","time":"2017-01-01T16:09:29.541Z","v":0}
{"name":"hexo","hostname":"lingdeMacBook.local","pid":4314,"level":20,"msg":"Processed: \u001b[35msource/css/material.min.css\u001b[39m","time":"2017-01-01T16:09:29.542Z","v":0}
{"name":"hexo","hostname":"lingdeMacBook.local","pid":4314,"level":20,"msg":"Processed: \u001b[35msource/css/style.css\u001b[39m","time":"2017-01-01T16:09:29.546Z","v":0}
{"name":"hexo","hostname":"lingdeMacBook.local","pid":4314,"level":20,"msg":"Processed: \u001b[35msource/css/style.min.css\u001b[39m","time":"2017-01-01T16:09:29.548Z","v":0}
{"name":"hexo","hostname":"lingdeMacBook.local","pid":4314,"level":20,"msg":"Processed: \u001b[35msource/img/daily_pic.png\u001b[39m","time":"2017-01-01T16:09:29.548Z","v":0}
{"name":"hexo","hostname":"lingdeMacBook.local","pid":4314,"level":20,"msg":"Processed: \u001b[35msource/js/jquery.min.js\u001b[39m","time":"2017-01-01T16:09:29.549Z","v":0}
{"name":"hexo","hostname":"lingdeMacBook.local","pid":4314,"level":20,"msg":"Processed: \u001b[35msource/js/js.min.js\u001b[39m","time":"2017-01-01T16:09:29.549Z","v":0}
{"name":"hexo","hostname":"lingdeMacBook.local","pid":4314,"level":20,"msg":"Processed: \u001b[35msource/js/js.js\u001b[39m","time":"2017-01-01T16:09:29.549Z","v":0}
{"name":"hexo","hostname":"lingdeMacBook.local","pid":4314,"level":20,"msg":"Processed: \u001b[35msource/fonts/MaterialIcons-Regular.eot\u001b[39m","time":"2017-01-01T16:09:29.617Z","v":0}
{"name":"hexo","hostname":"lingdeMacBook.local","pid":4314,"level":20,"msg":"Processed: \u001b[35msource/fonts/fontawesome-webfont.ttf\u001b[39m","time":"2017-01-01T16:09:29.618Z","v":0}
{"name":"hexo","hostname":"lingdeMacBook.local","pid":4314,"level":20,"msg":"Processed: \u001b[35msource/css/highlight/arta.css\u001b[39m","time":"2017-01-01T16:09:29.618Z","v":0}
{"name":"hexo","hostname":"lingdeMacBook.local","pid":4314,"level":20,"msg":"Processed: \u001b[35msource/css/highlight/arduino-light.css\u001b[39m","time":"2017-01-01T16:09:29.619Z","v":0}
{"name":"hexo","hostname":"lingdeMacBook.local","pid":4314,"level":20,"msg":"Processed: \u001b[35msource/css/highlight/agate.css\u001b[39m","time":"2017-01-01T16:09:29.619Z","v":0}
{"name":"hexo","hostname":"lingdeMacBook.local","pid":4314,"level":20,"msg":"Processed: \u001b[35msource/css/highlight/androidstudio.css\u001b[39m","time":"2017-01-01T16:09:29.621Z","v":0}
{"name":"hexo","hostname":"lingdeMacBook.local","pid":4314,"level":20,"msg":"Processed: \u001b[35msource/css/highlight/atelier-cave-dark.css\u001b[39m","time":"2017-01-01T16:09:29.622Z","v":0}
{"name":"hexo","hostname":"lingdeMacBook.local","pid":4314,"level":20,"msg":"Processed: \u001b[35msource/css/highlight/ascetic.css\u001b[39m","time":"2017-01-01T16:09:29.623Z","v":0}
{"name":"hexo","hostname":"lingdeMacBook.local","pid":4314,"level":20,"msg":"Processed: \u001b[35msource/css/highlight/atelier-cave-light.css\u001b[39m","time":"2017-01-01T16:09:29.624Z","v":0}
{"name":"hexo","hostname":"lingdeMacBook.local","pid":4314,"level":20,"msg":"Processed: \u001b[35msource/css/highlight/atelier-dune-dark.css\u001b[39m","time":"2017-01-01T16:09:29.624Z","v":0}
{"name":"hexo","hostname":"lingdeMacBook.local","pid":4314,"level":20,"msg":"Processed: \u001b[35msource/css/highlight/atelier-estuary-light.css\u001b[39m","time":"2017-01-01T16:09:29.624Z","v":0}
{"name":"hexo","hostname":"lingdeMacBook.local","pid":4314,"level":20,"msg":"Processed: \u001b[35msource/css/highlight/atelier-forest-dark.css\u001b[39m","time":"2017-01-01T16:09:29.625Z","v":0}
{"name":"hexo","hostname":"lingdeMacBook.local","pid":4314,"level":20,"msg":"Processed: \u001b[35msource/css/highlight/atelier-estuary-dark.css\u001b[39m","time":"2017-01-01T16:09:29.625Z","v":0}
{"name":"hexo","hostname":"lingdeMacBook.local","pid":4314,"level":20,"msg":"Processed: \u001b[35msource/css/highlight/atelier-dune-light.css\u001b[39m","time":"2017-01-01T16:09:29.626Z","v":0}
{"name":"hexo","hostname":"lingdeMacBook.local","pid":4314,"level":20,"msg":"Processed: \u001b[35msource/css/highlight/atelier-forest-light.css\u001b[39m","time":"2017-01-01T16:09:29.626Z","v":0}
{"name":"hexo","hostname":"lingdeMacBook.local","pid":4314,"level":20,"msg":"Processed: \u001b[35msource/css/highlight/atelier-lakeside-dark.css\u001b[39m","time":"2017-01-01T16:09:29.627Z","v":0}
{"name":"hexo","hostname":"lingdeMacBook.local","pid":4314,"level":20,"msg":"Processed: \u001b[35msource/css/highlight/atelier-heath-light.css\u001b[39m","time":"2017-01-01T16:09:29.627Z","v":0}
{"name":"hexo","hostname":"lingdeMacBook.local","pid":4314,"level":20,"msg":"Processed: \u001b[35msource/css/highlight/atelier-heath-dark.css\u001b[39m","time":"2017-01-01T16:09:29.628Z","v":0}
{"name":"hexo","hostname":"lingdeMacBook.local","pid":4314,"level":20,"msg":"Processed: \u001b[35msource/css/highlight/atelier-lakeside-light.css\u001b[39m","time":"2017-01-01T16:09:29.629Z","v":0}
{"name":"hexo","hostname":"lingdeMacBook.local","pid":4314,"level":20,"msg":"Processed: \u001b[35msource/css/highlight/atelier-plateau-dark.css\u001b[39m","time":"2017-01-01T16:09:29.629Z","v":0}
{"name":"hexo","hostname":"lingdeMacBook.local","pid":4314,"level":20,"msg":"Processed: \u001b[35msource/css/highlight/atelier-savanna-dark.css\u001b[39m","time":"2017-01-01T16:09:29.630Z","v":0}
{"name":"hexo","hostname":"lingdeMacBook.local","pid":4314,"level":20,"msg":"Processed: \u001b[35msource/css/highlight/atelier-plateau-light.css\u001b[39m","time":"2017-01-01T16:09:29.631Z","v":0}
{"name":"hexo","hostname":"lingdeMacBook.local","pid":4314,"level":20,"msg":"Processed: \u001b[35msource/css/highlight/atelier-seaside-dark.css\u001b[39m","time":"2017-01-01T16:09:29.633Z","v":0}
{"name":"hexo","hostname":"lingdeMacBook.local","pid":4314,"level":20,"msg":"Processed: \u001b[35msource/css/highlight/atelier-sulphurpool-dark.css\u001b[39m","time":"2017-01-01T16:09:29.633Z","v":0}
{"name":"hexo","hostname":"lingdeMacBook.local","pid":4314,"level":20,"msg":"Processed: \u001b[35msource/css/highlight/atelier-seaside-light.css\u001b[39m","time":"2017-01-01T16:09:29.634Z","v":0}
{"name":"hexo","hostname":"lingdeMacBook.local","pid":4314,"level":20,"msg":"Processed: \u001b[35msource/css/highlight/atelier-savanna-light.css\u001b[39m","time":"2017-01-01T16:09:29.634Z","v":0}
{"name":"hexo","hostname":"lingdeMacBook.local","pid":4314,"level":20,"msg":"Processed: \u001b[35msource/css/highlight/atelier-sulphurpool-light.css\u001b[39m","time":"2017-01-01T16:09:29.635Z","v":0}
{"name":"hexo","hostname":"lingdeMacBook.local","pid":4314,"level":20,"msg":"Processed: \u001b[35msource/css/highlight/atom-one-dark.css\u001b[39m","time":"2017-01-01T16:09:29.635Z","v":0}
{"name":"hexo","hostname":"lingdeMacBook.local","pid":4314,"level":20,"msg":"Processed: \u001b[35msource/css/highlight/atom-one-light.css\u001b[39m","time":"2017-01-01T16:09:29.637Z","v":0}
{"name":"hexo","hostname":"lingdeMacBook.local","pid":4314,"level":20,"msg":"Processed: \u001b[35msource/css/highlight/brown-paper.css\u001b[39m","time":"2017-01-01T16:09:29.638Z","v":0}
{"name":"hexo","hostname":"lingdeMacBook.local","pid":4314,"level":20,"msg":"Processed: \u001b[35msource/css/highlight/color-brewer.css\u001b[39m","time":"2017-01-01T16:09:29.638Z","v":0}
{"name":"hexo","hostname":"lingdeMacBook.local","pid":4314,"level":20,"msg":"Processed: \u001b[35msource/css/highlight/codepen-embed.css\u001b[39m","time":"2017-01-01T16:09:29.639Z","v":0}
{"name":"hexo","hostname":"lingdeMacBook.local","pid":4314,"level":20,"msg":"Processed: \u001b[35msource/css/highlight/dark.css\u001b[39m","time":"2017-01-01T16:09:29.639Z","v":0}
{"name":"hexo","hostname":"lingdeMacBook.local","pid":4314,"level":20,"msg":"Processed: \u001b[35msource/css/highlight/darcula.css\u001b[39m","time":"2017-01-01T16:09:29.641Z","v":0}
{"name":"hexo","hostname":"lingdeMacBook.local","pid":4314,"level":20,"msg":"Processed: \u001b[35msource/css/highlight/docco.css\u001b[39m","time":"2017-01-01T16:09:29.642Z","v":0}
{"name":"hexo","hostname":"lingdeMacBook.local","pid":4314,"level":20,"msg":"Processed: \u001b[35msource/css/highlight/darkula.css\u001b[39m","time":"2017-01-01T16:09:29.643Z","v":0}
{"name":"hexo","hostname":"lingdeMacBook.local","pid":4314,"level":20,"msg":"Processed: \u001b[35msource/css/highlight/dracula.css\u001b[39m","time":"2017-01-01T16:09:29.644Z","v":0}
{"name":"hexo","hostname":"lingdeMacBook.local","pid":4314,"level":20,"msg":"Processed: \u001b[35msource/css/highlight/foundation.css\u001b[39m","time":"2017-01-01T16:09:29.646Z","v":0}
{"name":"hexo","hostname":"lingdeMacBook.local","pid":4314,"level":20,"msg":"Processed: \u001b[35msource/css/highlight/github-gist.css\u001b[39m","time":"2017-01-01T16:09:29.646Z","v":0}
{"name":"hexo","hostname":"lingdeMacBook.local","pid":4314,"level":20,"msg":"Processed: \u001b[35msource/css/highlight/far.css\u001b[39m","time":"2017-01-01T16:09:29.647Z","v":0}
{"name":"hexo","hostname":"lingdeMacBook.local","pid":4314,"level":20,"msg":"Processed: \u001b[35msource/css/highlight/github.css\u001b[39m","time":"2017-01-01T16:09:29.648Z","v":0}
{"name":"hexo","hostname":"lingdeMacBook.local","pid":4314,"level":20,"msg":"Processed: \u001b[35msource/css/highlight/googlecode.css\u001b[39m","time":"2017-01-01T16:09:29.648Z","v":0}
{"name":"hexo","hostname":"lingdeMacBook.local","pid":4314,"level":20,"msg":"Processed: \u001b[35msource/css/highlight/grayscale.css\u001b[39m","time":"2017-01-01T16:09:29.648Z","v":0}
{"name":"hexo","hostname":"lingdeMacBook.local","pid":4314,"level":20,"msg":"Processed: \u001b[35msource/css/highlight/gruvbox-dark.css\u001b[39m","time":"2017-01-01T16:09:29.649Z","v":0}
{"name":"hexo","hostname":"lingdeMacBook.local","pid":4314,"level":20,"msg":"Processed: \u001b[35msource/css/highlight/hybrid.css\u001b[39m","time":"2017-01-01T16:09:29.649Z","v":0}
{"name":"hexo","hostname":"lingdeMacBook.local","pid":4314,"level":20,"msg":"Processed: \u001b[35msource/css/highlight/gruvbox-light.css\u001b[39m","time":"2017-01-01T16:09:29.650Z","v":0}
{"name":"hexo","hostname":"lingdeMacBook.local","pid":4314,"level":20,"msg":"Processed: \u001b[35msource/css/highlight/idea.css\u001b[39m","time":"2017-01-01T16:09:29.656Z","v":0}
{"name":"hexo","hostname":"lingdeMacBook.local","pid":4314,"level":20,"msg":"Processed: \u001b[35msource/css/highlight/hopscotch.css\u001b[39m","time":"2017-01-01T16:09:29.656Z","v":0}
{"name":"hexo","hostname":"lingdeMacBook.local","pid":4314,"level":20,"msg":"Processed: \u001b[35msource/css/highlight/kimbie.dark.css\u001b[39m","time":"2017-01-01T16:09:29.657Z","v":0}
{"name":"hexo","hostname":"lingdeMacBook.local","pid":4314,"level":20,"msg":"Processed: \u001b[35msource/css/highlight/kimbie.light.css\u001b[39m","time":"2017-01-01T16:09:29.657Z","v":0}
{"name":"hexo","hostname":"lingdeMacBook.local","pid":4314,"level":20,"msg":"Processed: \u001b[35msource/css/highlight/magula.css\u001b[39m","time":"2017-01-01T16:09:29.657Z","v":0}
{"name":"hexo","hostname":"lingdeMacBook.local","pid":4314,"level":20,"msg":"Processed: \u001b[35msource/css/highlight/ir-black.css\u001b[39m","time":"2017-01-01T16:09:29.658Z","v":0}
{"name":"hexo","hostname":"lingdeMacBook.local","pid":4314,"level":20,"msg":"Processed: \u001b[35msource/css/highlight/monokai.css\u001b[39m","time":"2017-01-01T16:09:29.658Z","v":0}
{"name":"hexo","hostname":"lingdeMacBook.local","pid":4314,"level":20,"msg":"Processed: \u001b[35msource/css/highlight/monokai-sublime.css\u001b[39m","time":"2017-01-01T16:09:29.659Z","v":0}
{"name":"hexo","hostname":"lingdeMacBook.local","pid":4314,"level":20,"msg":"Processed: \u001b[35msource/css/highlight/obsidian.css\u001b[39m","time":"2017-01-01T16:09:29.659Z","v":0}
{"name":"hexo","hostname":"lingdeMacBook.local","pid":4314,"level":20,"msg":"Processed: \u001b[35msource/css/highlight/mono-blue.css\u001b[39m","time":"2017-01-01T16:09:29.659Z","v":0}
{"name":"hexo","hostname":"lingdeMacBook.local","pid":4314,"level":20,"msg":"Processed: \u001b[35msource/css/highlight/ocean.css\u001b[39m","time":"2017-01-01T16:09:29.660Z","v":0}
{"name":"hexo","hostname":"lingdeMacBook.local","pid":4314,"level":20,"msg":"Processed: \u001b[35msource/css/highlight/pojoaque.css\u001b[39m","time":"2017-01-01T16:09:29.660Z","v":0}
{"name":"hexo","hostname":"lingdeMacBook.local","pid":4314,"level":20,"msg":"Processed: \u001b[35msource/css/highlight/paraiso-light.css\u001b[39m","time":"2017-01-01T16:09:29.661Z","v":0}
{"name":"hexo","hostname":"lingdeMacBook.local","pid":4314,"level":20,"msg":"Processed: \u001b[35msource/css/highlight/paraiso-dark.css\u001b[39m","time":"2017-01-01T16:09:29.661Z","v":0}
{"name":"hexo","hostname":"lingdeMacBook.local","pid":4314,"level":20,"msg":"Processed: \u001b[35msource/css/highlight/purebasic.css\u001b[39m","time":"2017-01-01T16:09:29.662Z","v":0}
{"name":"hexo","hostname":"lingdeMacBook.local","pid":4314,"level":20,"msg":"Processed: \u001b[35msource/css/highlight/qtcreator_dark.css\u001b[39m","time":"2017-01-01T16:09:29.662Z","v":0}
{"name":"hexo","hostname":"lingdeMacBook.local","pid":4314,"level":20,"msg":"Processed: \u001b[35msource/css/highlight/rainbow.css\u001b[39m","time":"2017-01-01T16:09:29.662Z","v":0}
{"name":"hexo","hostname":"lingdeMacBook.local","pid":4314,"level":20,"msg":"Processed: \u001b[35msource/css/highlight/qtcreator_light.css\u001b[39m","time":"2017-01-01T16:09:29.662Z","v":0}
{"name":"hexo","hostname":"lingdeMacBook.local","pid":4314,"level":20,"msg":"Processed: \u001b[35msource/css/highlight/railscasts.css\u001b[39m","time":"2017-01-01T16:09:29.663Z","v":0}
{"name":"hexo","hostname":"lingdeMacBook.local","pid":4314,"level":20,"msg":"Processed: \u001b[35msource/css/highlight/school-book.css\u001b[39m","time":"2017-01-01T16:09:29.663Z","v":0}
{"name":"hexo","hostname":"lingdeMacBook.local","pid":4314,"level":20,"msg":"Processed: \u001b[35msource/css/highlight/solarized-light.css\u001b[39m","time":"2017-01-01T16:09:29.663Z","v":0}
{"name":"hexo","hostname":"lingdeMacBook.local","pid":4314,"level":20,"msg":"Processed: \u001b[35msource/css/highlight/sunburst.css\u001b[39m","time":"2017-01-01T16:09:29.664Z","v":0}
{"name":"hexo","hostname":"lingdeMacBook.local","pid":4314,"level":20,"msg":"Processed: \u001b[35msource/css/highlight/solarized-dark.css\u001b[39m","time":"2017-01-01T16:09:29.664Z","v":0}
{"name":"hexo","hostname":"lingdeMacBook.local","pid":4314,"level":20,"msg":"Processed: \u001b[35msource/css/highlight/solarized-white.css\u001b[39m","time":"2017-01-01T16:09:29.664Z","v":0}
{"name":"hexo","hostname":"lingdeMacBook.local","pid":4314,"level":20,"msg":"Processed: \u001b[35msource/css/highlight/tomorrow-night-blue.css\u001b[39m","time":"2017-01-01T16:09:29.665Z","v":0}
{"name":"hexo","hostname":"lingdeMacBook.local","pid":4314,"level":20,"msg":"Processed: \u001b[35msource/css/highlight/tomorrow-night-bright.css\u001b[39m","time":"2017-01-01T16:09:29.666Z","v":0}
{"name":"hexo","hostname":"lingdeMacBook.local","pid":4314,"level":20,"msg":"Processed: \u001b[35msource/css/highlight/tomorrow-night.css\u001b[39m","time":"2017-01-01T16:09:29.668Z","v":0}
{"name":"hexo","hostname":"lingdeMacBook.local","pid":4314,"level":20,"msg":"Processed: \u001b[35msource/css/highlight/tomorrow-night-eighties.css\u001b[39m","time":"2017-01-01T16:09:29.670Z","v":0}
{"name":"hexo","hostname":"lingdeMacBook.local","pid":4314,"level":20,"msg":"Processed: \u001b[35msource/css/highlight/tomorrow.css\u001b[39m","time":"2017-01-01T16:09:29.675Z","v":0}
{"name":"hexo","hostname":"lingdeMacBook.local","pid":4314,"level":20,"msg":"Processed: \u001b[35msource/css/highlight/vs.css\u001b[39m","time":"2017-01-01T16:09:29.678Z","v":0}
{"name":"hexo","hostname":"lingdeMacBook.local","pid":4314,"level":20,"msg":"Processed: \u001b[35msource/css/highlight/xcode.css\u001b[39m","time":"2017-01-01T16:09:29.679Z","v":0}
{"name":"hexo","hostname":"lingdeMacBook.local","pid":4314,"level":20,"msg":"Processed: \u001b[35msource/css/highlight/zenburn.css\u001b[39m","time":"2017-01-01T16:09:29.679Z","v":0}
{"name":"hexo","hostname":"lingdeMacBook.local","pid":4314,"level":20,"msg":"Processed: \u001b[35msource/css/highlight/xt256.css\u001b[39m","time":"2017-01-01T16:09:29.680Z","v":0}
{"name":"hexo","hostname":"lingdeMacBook.local","pid":4314,"level":20,"msg":"Processed: \u001b[35msource/css/material.css\u001b[39m","time":"2017-01-01T16:09:29.680Z","v":0}
{"name":"hexo","hostname":"lingdeMacBook.local","pid":4314,"level":20,"msg":"Processed: \u001b[35msource/img/footer/footer_ico-facebook.png\u001b[39m","time":"2017-01-01T16:09:29.680Z","v":0}
{"name":"hexo","hostname":"lingdeMacBook.local","pid":4314,"level":20,"msg":"Processed: \u001b[35msource/img/footer/footer_ico-github.png\u001b[39m","time":"2017-01-01T16:09:29.681Z","v":0}
{"name":"hexo","hostname":"lingdeMacBook.local","pid":4314,"level":20,"msg":"Processed: \u001b[35msource/img/footer/footer_ico-gplus.png\u001b[39m","time":"2017-01-01T16:09:29.681Z","v":0}
{"name":"hexo","hostname":"lingdeMacBook.local","pid":4314,"level":20,"msg":"Processed: \u001b[35msource/img/footer/footer_ico-instagram.png\u001b[39m","time":"2017-01-01T16:09:29.682Z","v":0}
{"name":"hexo","hostname":"lingdeMacBook.local","pid":4314,"level":20,"msg":"Processed: \u001b[35msource/img/footer/footer_ico-linkedin.png\u001b[39m","time":"2017-01-01T16:09:29.682Z","v":0}
{"name":"hexo","hostname":"lingdeMacBook.local","pid":4314,"level":20,"msg":"Processed: \u001b[35msource/img/footer/footer_ico-tumblr.png\u001b[39m","time":"2017-01-01T16:09:29.683Z","v":0}
{"name":"hexo","hostname":"lingdeMacBook.local","pid":4314,"level":20,"msg":"Processed: \u001b[35msource/img/footer/footer_ico-weibo.png\u001b[39m","time":"2017-01-01T16:09:29.683Z","v":0}
{"name":"hexo","hostname":"lingdeMacBook.local","pid":4314,"level":20,"msg":"Processed: \u001b[35msource/img/footer/footer_ico-twitter.png\u001b[39m","time":"2017-01-01T16:09:29.683Z","v":0}
{"name":"hexo","hostname":"lingdeMacBook.local","pid":4314,"level":20,"msg":"Processed: \u001b[35msource/img/gallery/spinner.svg\u001b[39m","time":"2017-01-01T16:09:29.684Z","v":0}
{"name":"hexo","hostname":"lingdeMacBook.local","pid":4314,"level":20,"msg":"Processed: \u001b[35msource/img/gallery/arrow.svg\u001b[39m","time":"2017-01-01T16:09:29.684Z","v":0}
{"name":"hexo","hostname":"lingdeMacBook.local","pid":4314,"level":20,"msg":"Processed: \u001b[35msource/img/gallery/close.svg\u001b[39m","time":"2017-01-01T16:09:29.684Z","v":0}
{"name":"hexo","hostname":"lingdeMacBook.local","pid":4314,"level":20,"msg":"Processed: \u001b[35msource/img/random/1.png\u001b[39m","time":"2017-01-01T16:09:29.685Z","v":0}
{"name":"hexo","hostname":"lingdeMacBook.local","pid":4314,"level":20,"msg":"Processed: \u001b[35msource/img/random/2.png\u001b[39m","time":"2017-01-01T16:09:29.685Z","v":0}
{"name":"hexo","hostname":"lingdeMacBook.local","pid":4314,"level":20,"msg":"Processed: \u001b[35msource/img/random/4.png\u001b[39m","time":"2017-01-01T16:09:29.686Z","v":0}
{"name":"hexo","hostname":"lingdeMacBook.local","pid":4314,"level":20,"msg":"Processed: \u001b[35msource/img/random/3.png\u001b[39m","time":"2017-01-01T16:09:29.689Z","v":0}
{"name":"hexo","hostname":"lingdeMacBook.local","pid":4314,"level":20,"msg":"Processed: \u001b[35msource/img/random/5.png\u001b[39m","time":"2017-01-01T16:09:29.689Z","v":0}
{"name":"hexo","hostname":"lingdeMacBook.local","pid":4314,"level":20,"msg":"Processed: \u001b[35msource/js/gallery/util.min.js\u001b[39m","time":"2017-01-01T16:09:29.690Z","v":0}
{"name":"hexo","hostname":"lingdeMacBook.local","pid":4314,"level":20,"msg":"Processed: \u001b[35msource/js/gallery/main.min.js\u001b[39m","time":"2017-01-01T16:09:29.690Z","v":0}
{"name":"hexo","hostname":"lingdeMacBook.local","pid":4314,"level":20,"msg":"Processed: \u001b[35msource/js/gallery/skel.min.js\u001b[39m","time":"2017-01-01T16:09:29.691Z","v":0}
{"name":"hexo","hostname":"lingdeMacBook.local","pid":4314,"level":20,"msg":"Processed: \u001b[35msource/js/gallery/jquery.poptrox.min.js\u001b[39m","time":"2017-01-01T16:09:29.691Z","v":0}
{"name":"hexo","hostname":"lingdeMacBook.local","pid":4314,"level":20,"msg":"Processed: \u001b[35mlayout/_partial/Isolation-post-info.ejs\u001b[39m","time":"2017-01-01T16:09:29.748Z","v":0}
{"name":"hexo","hostname":"lingdeMacBook.local","pid":4314,"level":20,"msg":"Processed: \u001b[35mlayout/_partial/Paradox-post-info.ejs\u001b[39m","time":"2017-01-01T16:09:29.748Z","v":0}
{"name":"hexo","hostname":"lingdeMacBook.local","pid":4314,"level":20,"msg":"Processed: \u001b[35mlayout/_partial/Isolation-post_entry.ejs\u001b[39m","time":"2017-01-01T16:09:29.749Z","v":0}
{"name":"hexo","hostname":"lingdeMacBook.local","pid":4314,"level":20,"msg":"Processed: \u001b[35mlayout/_partial/Paradox-post-thumbnail.ejs\u001b[39m","time":"2017-01-01T16:09:29.749Z","v":0}
{"name":"hexo","hostname":"lingdeMacBook.local","pid":4314,"level":20,"msg":"Processed: \u001b[35mlayout/_partial/Paradox-post_entry-thumbnail.ejs\u001b[39m","time":"2017-01-01T16:09:29.749Z","v":0}
{"name":"hexo","hostname":"lingdeMacBook.local","pid":4314,"level":20,"msg":"Processed: \u001b[35mlayout/_partial/Paradox-post_entry.ejs\u001b[39m","time":"2017-01-01T16:09:29.749Z","v":0}
{"name":"hexo","hostname":"lingdeMacBook.local","pid":4314,"level":20,"msg":"Processed: \u001b[35mlayout/_partial/Paradox-search.ejs\u001b[39m","time":"2017-01-01T16:09:29.749Z","v":0}
{"name":"hexo","hostname":"lingdeMacBook.local","pid":4314,"level":20,"msg":"Processed: \u001b[35mlayout/_partial/comment.ejs\u001b[39m","time":"2017-01-01T16:09:29.749Z","v":0}
{"name":"hexo","hostname":"lingdeMacBook.local","pid":4314,"level":20,"msg":"Processed: \u001b[35mlayout/_partial/daily_pic.ejs\u001b[39m","time":"2017-01-01T16:09:29.749Z","v":0}
{"name":"hexo","hostname":"lingdeMacBook.local","pid":4314,"level":20,"msg":"Processed: \u001b[35mlayout/_partial/blog_info.ejs\u001b[39m","time":"2017-01-01T16:09:29.749Z","v":0}
{"name":"hexo","hostname":"lingdeMacBook.local","pid":4314,"level":20,"msg":"Processed: \u001b[35mlayout/_partial/footer-left.ejs\u001b[39m","time":"2017-01-01T16:09:29.749Z","v":0}
{"name":"hexo","hostname":"lingdeMacBook.local","pid":4314,"level":20,"msg":"Processed: \u001b[35mlayout/_partial/config_css.ejs\u001b[39m","time":"2017-01-01T16:09:29.749Z","v":0}
{"name":"hexo","hostname":"lingdeMacBook.local","pid":4314,"level":20,"msg":"Processed: \u001b[35mlayout/_partial/footer.ejs\u001b[39m","time":"2017-01-01T16:09:29.749Z","v":0}
{"name":"hexo","hostname":"lingdeMacBook.local","pid":4314,"level":20,"msg":"Processed: \u001b[35mlayout/_partial/footer-option.ejs\u001b[39m","time":"2017-01-01T16:09:29.749Z","v":0}
{"name":"hexo","hostname":"lingdeMacBook.local","pid":4314,"level":20,"msg":"Processed: \u001b[35mlayout/_partial/footer_top.ejs\u001b[39m","time":"2017-01-01T16:09:29.749Z","v":0}
{"name":"hexo","hostname":"lingdeMacBook.local","pid":4314,"level":20,"msg":"Processed: \u001b[35mlayout/_partial/head.ejs\u001b[39m","time":"2017-01-01T16:09:29.749Z","v":0}
{"name":"hexo","hostname":"lingdeMacBook.local","pid":4314,"level":20,"msg":"Processed: \u001b[35mlayout/_partial/import_js.ejs\u001b[39m","time":"2017-01-01T16:09:29.749Z","v":0}
{"name":"hexo","hostname":"lingdeMacBook.local","pid":4314,"level":20,"msg":"Processed: \u001b[35mlayout/_partial/post-content.ejs\u001b[39m","time":"2017-01-01T16:09:29.755Z","v":0}
{"name":"hexo","hostname":"lingdeMacBook.local","pid":4314,"level":20,"msg":"Processed: \u001b[35mlayout/_partial/nprogress.ejs\u001b[39m","time":"2017-01-01T16:09:29.755Z","v":0}
{"name":"hexo","hostname":"lingdeMacBook.local","pid":4314,"level":20,"msg":"Processed: \u001b[35mlayout/_partial/isolate_info.ejs\u001b[39m","time":"2017-01-01T16:09:29.755Z","v":0}
{"name":"hexo","hostname":"lingdeMacBook.local","pid":4314,"level":20,"msg":"Processed: \u001b[35mlayout/_partial/post-header.ejs\u001b[39m","time":"2017-01-01T16:09:29.755Z","v":0}
{"name":"hexo","hostname":"lingdeMacBook.local","pid":4314,"level":20,"msg":"Processed: \u001b[35mlayout/_partial/post-info-share.ejs\u001b[39m","time":"2017-01-01T16:09:29.755Z","v":0}
{"name":"hexo","hostname":"lingdeMacBook.local","pid":4314,"level":20,"msg":"Processed: \u001b[35mlayout/_partial/isolate-sns_list.ejs\u001b[39m","time":"2017-01-01T16:09:29.755Z","v":0}
{"name":"hexo","hostname":"lingdeMacBook.local","pid":4314,"level":20,"msg":"Processed: \u001b[35mlayout/_partial/post-nav.ejs\u001b[39m","time":"2017-01-01T16:09:29.756Z","v":0}
{"name":"hexo","hostname":"lingdeMacBook.local","pid":4314,"level":20,"msg":"Processed: \u001b[35mlayout/_partial/sidebar-navigation.ejs\u001b[39m","time":"2017-01-01T16:09:29.756Z","v":0}
{"name":"hexo","hostname":"lingdeMacBook.local","pid":4314,"level":20,"msg":"Processed: \u001b[35mlayout/_partial/sidebar-sponsor.ejs\u001b[39m","time":"2017-01-01T16:09:29.756Z","v":0}
{"name":"hexo","hostname":"lingdeMacBook.local","pid":4314,"level":20,"msg":"Processed: \u001b[35mlayout/_partial/sidebar-header.ejs\u001b[39m","time":"2017-01-01T16:09:29.756Z","v":0}
{"name":"hexo","hostname":"lingdeMacBook.local","pid":4314,"level":20,"msg":"Processed: \u001b[35mlayout/_partial/sidebar-footer.ejs\u001b[39m","time":"2017-01-01T16:09:29.756Z","v":0}
{"name":"hexo","hostname":"lingdeMacBook.local","pid":4314,"level":20,"msg":"Processed: \u001b[35mlayout/_partial/toc_button.ejs\u001b[39m","time":"2017-01-01T16:09:29.756Z","v":0}
{"name":"hexo","hostname":"lingdeMacBook.local","pid":4314,"level":20,"msg":"Processed: \u001b[35mlayout/_partial/sidebar.ejs\u001b[39m","time":"2017-01-01T16:09:29.756Z","v":0}
{"name":"hexo","hostname":"lingdeMacBook.local","pid":4314,"level":20,"msg":"Processed: \u001b[35mlayout/_widget/duoshuo.ejs\u001b[39m","time":"2017-01-01T16:09:29.756Z","v":0}
{"name":"hexo","hostname":"lingdeMacBook.local","pid":4314,"level":20,"msg":"Processed: \u001b[35mlayout/_widget/disqus.ejs\u001b[39m","time":"2017-01-01T16:09:29.756Z","v":0}
{"name":"hexo","hostname":"lingdeMacBook.local","pid":4314,"level":20,"msg":"Processed: \u001b[35mlayout/_widget/leancloud-views_num.ejs\u001b[39m","time":"2017-01-01T16:09:29.756Z","v":0}
{"name":"hexo","hostname":"lingdeMacBook.local","pid":4314,"level":20,"msg":"Processed: \u001b[35mlayout/_widget/mathjax.ejs\u001b[39m","time":"2017-01-01T16:09:29.756Z","v":0}
{"name":"hexo","hostname":"lingdeMacBook.local","pid":4314,"level":20,"msg":"Processed: \u001b[35mlayout/_widget/leancloud-views.ejs\u001b[39m","time":"2017-01-01T16:09:29.756Z","v":0}
{"name":"hexo","hostname":"lingdeMacBook.local","pid":4314,"level":20,"msg":"Processed: \u001b[35mlayout/_widget/leancloud-like.ejs\u001b[39m","time":"2017-01-01T16:09:29.756Z","v":0}
{"name":"hexo","hostname":"lingdeMacBook.local","pid":4314,"level":20,"msg":"Processed: \u001b[35mlayout/_widget/page-links.ejs\u001b[39m","time":"2017-01-01T16:09:29.756Z","v":0}
{"name":"hexo","hostname":"lingdeMacBook.local","pid":4314,"level":20,"msg":"Processed: \u001b[35mlayout/_widget/page-gallery.ejs\u001b[39m","time":"2017-01-01T16:09:29.756Z","v":0}
{"name":"hexo","hostname":"lingdeMacBook.local","pid":4314,"level":20,"msg":"Processed: \u001b[35mlayout/_widget/page-tagcloud.ejs\u001b[39m","time":"2017-01-01T16:09:29.757Z","v":0}
{"name":"hexo","hostname":"lingdeMacBook.local","pid":4314,"level":20,"msg":"Processed: \u001b[35mlayout/_widget/search-local-js.ejs\u001b[39m","time":"2017-01-01T16:09:29.757Z","v":0}
{"name":"hexo","hostname":"lingdeMacBook.local","pid":4314,"level":20,"msg":"Processed: \u001b[35mlayout/_widget/search-swiftype-js.ejs\u001b[39m","time":"2017-01-01T16:09:29.757Z","v":0}
{"name":"hexo","hostname":"lingdeMacBook.local","pid":4314,"level":20,"msg":"Processed: \u001b[35msource/fonts/fontawesome-webfont.svg\u001b[39m","time":"2017-01-01T16:09:29.762Z","v":0}
{"name":"hexo","hostname":"lingdeMacBook.local","pid":4314,"level":20,"msg":"Processed: \u001b[35msource/fonts/Roboto-Black.ttf\u001b[39m","time":"2017-01-01T16:09:29.768Z","v":0}
{"name":"hexo","hostname":"lingdeMacBook.local","pid":4314,"level":20,"msg":"Processed: \u001b[35msource/fonts/Roboto-Regular.ttf\u001b[39m","time":"2017-01-01T16:09:29.769Z","v":0}
{"name":"hexo","hostname":"lingdeMacBook.local","pid":4314,"level":20,"msg":"Processed: \u001b[35msource/fonts/Roboto-Light.ttf\u001b[39m","time":"2017-01-01T16:09:29.771Z","v":0}
{"name":"hexo","hostname":"lingdeMacBook.local","pid":4314,"level":20,"msg":"Processed: \u001b[35msource/fonts/Roboto-Bold.ttf\u001b[39m","time":"2017-01-01T16:09:29.771Z","v":0}
{"name":"hexo","hostname":"lingdeMacBook.local","pid":4314,"level":20,"msg":"Processed: \u001b[35msource/fonts/Roboto-Thin.ttf\u001b[39m","time":"2017-01-01T16:09:29.772Z","v":0}
{"name":"hexo","hostname":"lingdeMacBook.local","pid":4314,"level":20,"msg":"Processed: \u001b[35msource/fonts/Roboto-Medium.ttf\u001b[39m","time":"2017-01-01T16:09:29.772Z","v":0}
{"name":"hexo","hostname":"lingdeMacBook.local","pid":4314,"level":20,"msg":"Generator: \u001b[35mpage\u001b[39m","time":"2017-01-01T16:09:30.028Z","v":0}
{"name":"hexo","hostname":"lingdeMacBook.local","pid":4314,"level":20,"msg":"Generator: \u001b[35mpost\u001b[39m","time":"2017-01-01T16:09:30.028Z","v":0}
{"name":"hexo","hostname":"lingdeMacBook.local","pid":4314,"level":20,"msg":"Generator: \u001b[35mtag\u001b[39m","time":"2017-01-01T16:09:30.030Z","v":0}
{"name":"hexo","hostname":"lingdeMacBook.local","pid":4314,"level":20,"msg":"Generator: \u001b[35mcategory\u001b[39m","time":"2017-01-01T16:09:30.030Z","v":0}
{"name":"hexo","hostname":"lingdeMacBook.local","pid":4314,"level":20,"msg":"Generator: \u001b[35marchive\u001b[39m","time":"2017-01-01T16:09:30.030Z","v":0}
{"name":"hexo","hostname":"lingdeMacBook.local","pid":4314,"level":20,"msg":"Generator: \u001b[35mindex\u001b[39m","time":"2017-01-01T16:09:30.030Z","v":0}
{"name":"hexo","hostname":"lingdeMacBook.local","pid":4314,"level":20,"msg":"Generator: \u001b[35masset\u001b[39m","time":"2017-01-01T16:09:30.036Z","v":0}
{"name":"hexo","hostname":"lingdeMacBook.local","pid":4314,"level":30,"msg":"Hexo is running at \u001b[4mhttp://localhost:4000/\u001b[24m. Press Ctrl+C to stop.","time":"2017-01-01T16:09:30.044Z","v":0}
{"name":"hexo","hostname":"lingdeMacBook.local","pid":4314,"level":20,"msg":"Database saved","time":"2017-01-01T16:09:30.081Z","v":0}
{"name":"hexo","hostname":"lingdeMacBook.local","pid":4314,"level":20,"msg":"Rendering index: \u001b[35mindex.html\u001b[39m","time":"2017-01-01T16:09:35.680Z","v":0}
{"name":"hexo","hostname":"lingdeMacBook.local","pid":4314,"level":30,"msg":"Bye!","time":"2017-01-01T16:10:56.181Z","v":0}
{"name":"hexo","hostname":"lingdeMacBook.local","pid":4314,"level":20,"msg":"Database saved","time":"2017-01-01T16:10:56.209Z","v":0}
{"name":"hexo","hostname":"lingdeMacBook.local","pid":5281,"level":20,"msg":"Hexo version: \u001b[35m3.2.2\u001b[39m","time":"2017-01-01T17:46:55.947Z","v":0}
{"name":"hexo","hostname":"lingdeMacBook.local","pid":5281,"level":20,"msg":"Working directory: \u001b[35m~/Github/nextjs-club.github.io/\u001b[39m","time":"2017-01-01T17:46:55.951Z","v":0}
{"name":"hexo","hostname":"lingdeMacBook.local","pid":5281,"level":20,"msg":"Config loaded: \u001b[35m~/Github/nextjs-club.github.io/_config.yml\u001b[39m","time":"2017-01-01T17:46:56.140Z","v":0}
{"name":"hexo","hostname":"lingdeMacBook.local","pid":5281,"level":20,"msg":"Plugin loaded: \u001b[35mhexo-generator-tag\u001b[39m","time":"2017-01-01T17:46:56.162Z","v":0}
{"name":"hexo","hostname":"lingdeMacBook.local","pid":5281,"level":20,"msg":"Plugin loaded: \u001b[35mhexo-generator-category\u001b[39m","time":"2017-01-01T17:46:56.165Z","v":0}
{"name":"hexo","hostname":"lingdeMacBook.local","pid":5281,"level":20,"msg":"Plugin loaded: \u001b[35mhexo-generator-archive\u001b[39m","time":"2017-01-01T17:46:56.168Z","v":0}
{"name":"hexo","hostname":"lingdeMacBook.local","pid":5281,"level":20,"msg":"Plugin loaded: \u001b[35mhexo-generator-index\u001b[39m","time":"2017-01-01T17:46:56.170Z","v":0}
{"name":"hexo","hostname":"lingdeMacBook.local","pid":5281,"level":20,"msg":"Plugin loaded: \u001b[35mhexo-renderer-marked\u001b[39m","time":"2017-01-01T17:46:56.177Z","v":0}
{"name":"hexo","hostname":"lingdeMacBook.local","pid":5281,"level":20,"msg":"Plugin loaded: \u001b[35mhexo-renderer-stylus\u001b[39m","time":"2017-01-01T17:46:56.179Z","v":0}
{"name":"hexo","hostname":"lingdeMacBook.local","pid":5281,"level":20,"msg":"Plugin loaded: \u001b[35mhexo-renderer-ejs\u001b[39m","time":"2017-01-01T17:46:56.184Z","v":0}
{"name":"hexo","hostname":"lingdeMacBook.local","pid":5281,"level":20,"msg":"Plugin loaded: \u001b[35mhexo-server\u001b[39m","time":"2017-01-01T17:46:56.319Z","v":0}
{"name":"hexo","hostname":"lingdeMacBook.local","pid":5281,"level":20,"msg":"Loading database.","time":"2017-01-01T17:46:56.333Z","v":0}
{"name":"hexo","hostname":"lingdeMacBook.local","pid":5281,"level":30,"msg":"Start processing","time":"2017-01-01T17:46:56.397Z","v":0}
{"name":"hexo","hostname":"lingdeMacBook.local","pid":5281,"level":20,"msg":"Processed: \u001b[35m_posts/hello-world.md\u001b[39m","time":"2017-01-01T17:46:56.506Z","v":0}
{"name":"hexo","hostname":"lingdeMacBook.local","pid":5281,"level":20,"msg":"Processed: \u001b[35msource/css/duoshuo.min.css\u001b[39m","time":"2017-01-01T17:46:56.607Z","v":0}
{"name":"hexo","hostname":"lingdeMacBook.local","pid":5281,"level":20,"msg":"Processed: \u001b[35msource/css/duoshuo.css\u001b[39m","time":"2017-01-01T17:46:56.608Z","v":0}
{"name":"hexo","hostname":"lingdeMacBook.local","pid":5281,"level":20,"msg":"Processed: \u001b[35msource/css/ie-blocker.css\u001b[39m","time":"2017-01-01T17:46:56.608Z","v":0}
{"name":"hexo","hostname":"lingdeMacBook.local","pid":5281,"level":20,"msg":"Processed: \u001b[35msource/css/gallery.min.css\u001b[39m","time":"2017-01-01T17:46:56.609Z","v":0}
{"name":"hexo","hostname":"lingdeMacBook.local","pid":5281,"level":20,"msg":"Processed: \u001b[35msource/css/uc.css\u001b[39m","time":"2017-01-01T17:46:56.611Z","v":0}
{"name":"hexo","hostname":"lingdeMacBook.local","pid":5281,"level":20,"msg":"Processed: \u001b[35msource/fonts/MaterialIcons-Regular.woff\u001b[39m","time":"2017-01-01T17:46:56.611Z","v":0}
{"name":"hexo","hostname":"lingdeMacBook.local","pid":5281,"level":20,"msg":"Processed: \u001b[35msource/fonts/MaterialIcons-Regular.woff2\u001b[39m","time":"2017-01-01T17:46:56.612Z","v":0}
{"name":"hexo","hostname":"lingdeMacBook.local","pid":5281,"level":20,"msg":"Processed: \u001b[35msource/img/avatar.png\u001b[39m","time":"2017-01-01T17:46:56.613Z","v":0}
{"name":"hexo","hostname":"lingdeMacBook.local","pid":5281,"level":20,"msg":"Processed: \u001b[35msource/img/bg.png\u001b[39m","time":"2017-01-01T17:46:56.614Z","v":0}
{"name":"hexo","hostname":"lingdeMacBook.local","pid":5281,"level":20,"msg":"Processed: \u001b[35msource/img/favicon.png\u001b[39m","time":"2017-01-01T17:46:56.614Z","v":0}
{"name":"hexo","hostname":"lingdeMacBook.local","pid":5281,"level":20,"msg":"Processed: \u001b[35msource/img/logo.png\u001b[39m","time":"2017-01-01T17:46:56.615Z","v":0}
{"name":"hexo","hostname":"lingdeMacBook.local","pid":5281,"level":20,"msg":"Processed: \u001b[35msource/img/upyun_logo.png\u001b[39m","time":"2017-01-01T17:46:56.616Z","v":0}
{"name":"hexo","hostname":"lingdeMacBook.local","pid":5281,"level":20,"msg":"Processed: \u001b[35msource/js/ie-blocker.zhCN.js\u001b[39m","time":"2017-01-01T17:46:56.616Z","v":0}
{"name":"hexo","hostname":"lingdeMacBook.local","pid":5281,"level":20,"msg":"Processed: \u001b[35msource/js/ie-blocker.en.js\u001b[39m","time":"2017-01-01T17:46:56.616Z","v":0}
{"name":"hexo","hostname":"lingdeMacBook.local","pid":5281,"level":20,"msg":"Processed: \u001b[35msource/js/highlight.min.js\u001b[39m","time":"2017-01-01T17:46:56.617Z","v":0}
{"name":"hexo","hostname":"lingdeMacBook.local","pid":5281,"level":20,"msg":"Processed: \u001b[35msource/img/sidebar_header.png\u001b[39m","time":"2017-01-01T17:46:56.620Z","v":0}
{"name":"hexo","hostname":"lingdeMacBook.local","pid":5281,"level":20,"msg":"Processed: \u001b[35msource/js/nprogress.js\u001b[39m","time":"2017-01-01T17:46:56.620Z","v":0}
{"name":"hexo","hostname":"lingdeMacBook.local","pid":5281,"level":20,"msg":"Processed: \u001b[35msource/js/smoothscroll.js\u001b[39m","time":"2017-01-01T17:46:56.621Z","v":0}
{"name":"hexo","hostname":"lingdeMacBook.local","pid":5281,"level":20,"msg":"Theme config loaded.","time":"2017-01-01T17:46:56.642Z","v":0}
{"name":"hexo","hostname":"lingdeMacBook.local","pid":5281,"level":20,"msg":"Processed: \u001b[35m_config.yml\u001b[39m","time":"2017-01-01T17:46:56.649Z","v":0}
{"name":"hexo","hostname":"lingdeMacBook.local","pid":5281,"level":20,"msg":"Processed: \u001b[35msource/css/material.min.css\u001b[39m","time":"2017-01-01T17:46:56.650Z","v":0}
{"name":"hexo","hostname":"lingdeMacBook.local","pid":5281,"level":20,"msg":"Processed: \u001b[35msource/css/style.css\u001b[39m","time":"2017-01-01T17:46:56.652Z","v":0}
{"name":"hexo","hostname":"lingdeMacBook.local","pid":5281,"level":20,"msg":"Processed: \u001b[35msource/css/style.min.css\u001b[39m","time":"2017-01-01T17:46:56.654Z","v":0}
{"name":"hexo","hostname":"lingdeMacBook.local","pid":5281,"level":20,"msg":"Processed: \u001b[35msource/fonts/FontAwesome.otf\u001b[39m","time":"2017-01-01T17:46:56.655Z","v":0}
{"name":"hexo","hostname":"lingdeMacBook.local","pid":5281,"level":20,"msg":"Processed: \u001b[35msource/fonts/MaterialIcons-Regular.ttf\u001b[39m","time":"2017-01-01T17:46:56.656Z","v":0}
{"name":"hexo","hostname":"lingdeMacBook.local","pid":5281,"level":20,"msg":"Processed: \u001b[35msource/fonts/fontawesome-webfont.eot\u001b[39m","time":"2017-01-01T17:46:56.657Z","v":0}
{"name":"hexo","hostname":"lingdeMacBook.local","pid":5281,"level":20,"msg":"Processed: \u001b[35msource/fonts/fontawesome-webfont.woff2\u001b[39m","time":"2017-01-01T17:46:56.658Z","v":0}
{"name":"hexo","hostname":"lingdeMacBook.local","pid":5281,"level":20,"msg":"Processed: \u001b[35msource/fonts/fontawesome-webfont.woff\u001b[39m","time":"2017-01-01T17:46:56.658Z","v":0}
{"name":"hexo","hostname":"lingdeMacBook.local","pid":5281,"level":20,"msg":"Processed: \u001b[35msource/img/daily_pic.png\u001b[39m","time":"2017-01-01T17:46:56.658Z","v":0}
{"name":"hexo","hostname":"lingdeMacBook.local","pid":5281,"level":20,"msg":"Processed: \u001b[35msource/js/js.min.js\u001b[39m","time":"2017-01-01T17:46:56.658Z","v":0}
{"name":"hexo","hostname":"lingdeMacBook.local","pid":5281,"level":20,"msg":"Processed: \u001b[35msource/js/js.js\u001b[39m","time":"2017-01-01T17:46:56.660Z","v":0}
{"name":"hexo","hostname":"lingdeMacBook.local","pid":5281,"level":20,"msg":"Processed: \u001b[35msource/js/jquery.min.js\u001b[39m","time":"2017-01-01T17:46:56.660Z","v":0}
{"name":"hexo","hostname":"lingdeMacBook.local","pid":5281,"level":20,"msg":"Processed: \u001b[35mlayout/layout.ejs\u001b[39m","time":"2017-01-01T17:46:56.692Z","v":0}
{"name":"hexo","hostname":"lingdeMacBook.local","pid":5281,"level":20,"msg":"Processed: \u001b[35mlayout/index.ejs\u001b[39m","time":"2017-01-01T17:46:56.695Z","v":0}
{"name":"hexo","hostname":"lingdeMacBook.local","pid":5281,"level":20,"msg":"Processed: \u001b[35mlayout/post.ejs\u001b[39m","time":"2017-01-01T17:46:56.695Z","v":0}
{"name":"hexo","hostname":"lingdeMacBook.local","pid":5281,"level":20,"msg":"Processed: \u001b[35mlanguages/ar.yml\u001b[39m","time":"2017-01-01T17:46:56.723Z","v":0}
{"name":"hexo","hostname":"lingdeMacBook.local","pid":5281,"level":20,"msg":"Processed: \u001b[35mlanguages/en.yml\u001b[39m","time":"2017-01-01T17:46:56.723Z","v":0}
{"name":"hexo","hostname":"lingdeMacBook.local","pid":5281,"level":20,"msg":"Processed: \u001b[35mlanguages/de.yml\u001b[39m","time":"2017-01-01T17:46:56.724Z","v":0}
{"name":"hexo","hostname":"lingdeMacBook.local","pid":5281,"level":20,"msg":"Processed: \u001b[35mlanguages/fr.yml\u001b[39m","time":"2017-01-01T17:46:56.724Z","v":0}
{"name":"hexo","hostname":"lingdeMacBook.local","pid":5281,"level":20,"msg":"Processed: \u001b[35mlanguages/es.yml\u001b[39m","time":"2017-01-01T17:46:56.724Z","v":0}
{"name":"hexo","hostname":"lingdeMacBook.local","pid":5281,"level":20,"msg":"Processed: \u001b[35mlanguages/ja.yml\u001b[39m","time":"2017-01-01T17:46:56.724Z","v":0}
{"name":"hexo","hostname":"lingdeMacBook.local","pid":5281,"level":20,"msg":"Processed: \u001b[35mlanguages/zh-CN.yml\u001b[39m","time":"2017-01-01T17:46:56.724Z","v":0}
{"name":"hexo","hostname":"lingdeMacBook.local","pid":5281,"level":20,"msg":"Processed: \u001b[35mlanguages/ms.yml\u001b[39m","time":"2017-01-01T17:46:56.725Z","v":0}
{"name":"hexo","hostname":"lingdeMacBook.local","pid":5281,"level":20,"msg":"Processed: \u001b[35mlanguages/zh-TW.yml\u001b[39m","time":"2017-01-01T17:46:56.725Z","v":0}
{"name":"hexo","hostname":"lingdeMacBook.local","pid":5281,"level":20,"msg":"Processed: \u001b[35msource/css/highlight/androidstudio.css\u001b[39m","time":"2017-01-01T17:46:56.725Z","v":0}
{"name":"hexo","hostname":"lingdeMacBook.local","pid":5281,"level":20,"msg":"Processed: \u001b[35msource/css/highlight/arta.css\u001b[39m","time":"2017-01-01T17:46:56.726Z","v":0}
{"name":"hexo","hostname":"lingdeMacBook.local","pid":5281,"level":20,"msg":"Processed: \u001b[35msource/css/highlight/agate.css\u001b[39m","time":"2017-01-01T17:46:56.726Z","v":0}
{"name":"hexo","hostname":"lingdeMacBook.local","pid":5281,"level":20,"msg":"Processed: \u001b[35msource/css/highlight/arduino-light.css\u001b[39m","time":"2017-01-01T17:46:56.727Z","v":0}
{"name":"hexo","hostname":"lingdeMacBook.local","pid":5281,"level":20,"msg":"Processed: \u001b[35msource/css/highlight/ascetic.css\u001b[39m","time":"2017-01-01T17:46:56.727Z","v":0}
{"name":"hexo","hostname":"lingdeMacBook.local","pid":5281,"level":20,"msg":"Processed: \u001b[35msource/css/highlight/atelier-cave-dark.css\u001b[39m","time":"2017-01-01T17:46:56.727Z","v":0}
{"name":"hexo","hostname":"lingdeMacBook.local","pid":5281,"level":20,"msg":"Processed: \u001b[35msource/css/material.css\u001b[39m","time":"2017-01-01T17:46:56.727Z","v":0}
{"name":"hexo","hostname":"lingdeMacBook.local","pid":5281,"level":20,"msg":"Processed: \u001b[35msource/css/highlight/atelier-dune-light.css\u001b[39m","time":"2017-01-01T17:46:56.728Z","v":0}
{"name":"hexo","hostname":"lingdeMacBook.local","pid":5281,"level":20,"msg":"Processed: \u001b[35msource/css/highlight/atelier-estuary-dark.css\u001b[39m","time":"2017-01-01T17:46:56.728Z","v":0}
{"name":"hexo","hostname":"lingdeMacBook.local","pid":5281,"level":20,"msg":"Processed: \u001b[35msource/css/highlight/atelier-dune-dark.css\u001b[39m","time":"2017-01-01T17:46:56.728Z","v":0}
{"name":"hexo","hostname":"lingdeMacBook.local","pid":5281,"level":20,"msg":"Processed: \u001b[35msource/css/highlight/atelier-cave-light.css\u001b[39m","time":"2017-01-01T17:46:56.729Z","v":0}
{"name":"hexo","hostname":"lingdeMacBook.local","pid":5281,"level":20,"msg":"Processed: \u001b[35msource/css/highlight/atelier-estuary-light.css\u001b[39m","time":"2017-01-01T17:46:56.729Z","v":0}
{"name":"hexo","hostname":"lingdeMacBook.local","pid":5281,"level":20,"msg":"Processed: \u001b[35msource/css/highlight/atelier-heath-dark.css\u001b[39m","time":"2017-01-01T17:46:56.729Z","v":0}
{"name":"hexo","hostname":"lingdeMacBook.local","pid":5281,"level":20,"msg":"Processed: \u001b[35msource/css/highlight/atelier-forest-light.css\u001b[39m","time":"2017-01-01T17:46:56.729Z","v":0}
{"name":"hexo","hostname":"lingdeMacBook.local","pid":5281,"level":20,"msg":"Processed: \u001b[35msource/css/highlight/atelier-forest-dark.css\u001b[39m","time":"2017-01-01T17:46:56.730Z","v":0}
{"name":"hexo","hostname":"lingdeMacBook.local","pid":5281,"level":20,"msg":"Processed: \u001b[35msource/css/highlight/atelier-heath-light.css\u001b[39m","time":"2017-01-01T17:46:56.730Z","v":0}
{"name":"hexo","hostname":"lingdeMacBook.local","pid":5281,"level":20,"msg":"Processed: \u001b[35msource/css/highlight/atelier-lakeside-dark.css\u001b[39m","time":"2017-01-01T17:46:56.731Z","v":0}
{"name":"hexo","hostname":"lingdeMacBook.local","pid":5281,"level":20,"msg":"Processed: \u001b[35msource/css/highlight/atelier-plateau-dark.css\u001b[39m","time":"2017-01-01T17:46:56.731Z","v":0}
{"name":"hexo","hostname":"lingdeMacBook.local","pid":5281,"level":20,"msg":"Processed: \u001b[35msource/css/highlight/atelier-plateau-light.css\u001b[39m","time":"2017-01-01T17:46:56.732Z","v":0}
{"name":"hexo","hostname":"lingdeMacBook.local","pid":5281,"level":20,"msg":"Processed: \u001b[35msource/css/highlight/atelier-savanna-dark.css\u001b[39m","time":"2017-01-01T17:46:56.732Z","v":0}
{"name":"hexo","hostname":"lingdeMacBook.local","pid":5281,"level":20,"msg":"Processed: \u001b[35msource/css/highlight/atelier-lakeside-light.css\u001b[39m","time":"2017-01-01T17:46:56.733Z","v":0}
{"name":"hexo","hostname":"lingdeMacBook.local","pid":5281,"level":20,"msg":"Processed: \u001b[35msource/css/highlight/atelier-savanna-light.css\u001b[39m","time":"2017-01-01T17:46:56.733Z","v":0}
{"name":"hexo","hostname":"lingdeMacBook.local","pid":5281,"level":20,"msg":"Processed: \u001b[35msource/css/highlight/atelier-sulphurpool-dark.css\u001b[39m","time":"2017-01-01T17:46:56.733Z","v":0}
{"name":"hexo","hostname":"lingdeMacBook.local","pid":5281,"level":20,"msg":"Processed: \u001b[35msource/css/highlight/atelier-seaside-light.css\u001b[39m","time":"2017-01-01T17:46:56.733Z","v":0}
{"name":"hexo","hostname":"lingdeMacBook.local","pid":5281,"level":20,"msg":"Processed: \u001b[35msource/css/highlight/atelier-seaside-dark.css\u001b[39m","time":"2017-01-01T17:46:56.733Z","v":0}
{"name":"hexo","hostname":"lingdeMacBook.local","pid":5281,"level":20,"msg":"Processed: \u001b[35msource/css/highlight/atelier-sulphurpool-light.css\u001b[39m","time":"2017-01-01T17:46:56.734Z","v":0}
{"name":"hexo","hostname":"lingdeMacBook.local","pid":5281,"level":20,"msg":"Processed: \u001b[35msource/css/highlight/atom-one-dark.css\u001b[39m","time":"2017-01-01T17:46:56.734Z","v":0}
{"name":"hexo","hostname":"lingdeMacBook.local","pid":5281,"level":20,"msg":"Processed: \u001b[35msource/css/highlight/brown-paper.css\u001b[39m","time":"2017-01-01T17:46:56.734Z","v":0}
{"name":"hexo","hostname":"lingdeMacBook.local","pid":5281,"level":20,"msg":"Processed: \u001b[35msource/css/highlight/codepen-embed.css\u001b[39m","time":"2017-01-01T17:46:56.734Z","v":0}
{"name":"hexo","hostname":"lingdeMacBook.local","pid":5281,"level":20,"msg":"Processed: \u001b[35msource/css/highlight/color-brewer.css\u001b[39m","time":"2017-01-01T17:46:56.734Z","v":0}
{"name":"hexo","hostname":"lingdeMacBook.local","pid":5281,"level":20,"msg":"Processed: \u001b[35msource/css/highlight/atom-one-light.css\u001b[39m","time":"2017-01-01T17:46:56.734Z","v":0}
{"name":"hexo","hostname":"lingdeMacBook.local","pid":5281,"level":20,"msg":"Processed: \u001b[35msource/css/highlight/darcula.css\u001b[39m","time":"2017-01-01T17:46:56.740Z","v":0}
{"name":"hexo","hostname":"lingdeMacBook.local","pid":5281,"level":20,"msg":"Processed: \u001b[35msource/css/highlight/docco.css\u001b[39m","time":"2017-01-01T17:46:56.740Z","v":0}
{"name":"hexo","hostname":"lingdeMacBook.local","pid":5281,"level":20,"msg":"Processed: \u001b[35msource/css/highlight/dark.css\u001b[39m","time":"2017-01-01T17:46:56.741Z","v":0}
{"name":"hexo","hostname":"lingdeMacBook.local","pid":5281,"level":20,"msg":"Processed: \u001b[35msource/css/highlight/dracula.css\u001b[39m","time":"2017-01-01T17:46:56.741Z","v":0}
{"name":"hexo","hostname":"lingdeMacBook.local","pid":5281,"level":20,"msg":"Processed: \u001b[35msource/css/highlight/darkula.css\u001b[39m","time":"2017-01-01T17:46:56.742Z","v":0}
{"name":"hexo","hostname":"lingdeMacBook.local","pid":5281,"level":20,"msg":"Processed: \u001b[35msource/css/highlight/far.css\u001b[39m","time":"2017-01-01T17:46:56.743Z","v":0}
{"name":"hexo","hostname":"lingdeMacBook.local","pid":5281,"level":20,"msg":"Processed: \u001b[35msource/css/highlight/github-gist.css\u001b[39m","time":"2017-01-01T17:46:56.743Z","v":0}
{"name":"hexo","hostname":"lingdeMacBook.local","pid":5281,"level":20,"msg":"Processed: \u001b[35msource/css/highlight/foundation.css\u001b[39m","time":"2017-01-01T17:46:56.743Z","v":0}
{"name":"hexo","hostname":"lingdeMacBook.local","pid":5281,"level":20,"msg":"Processed: \u001b[35msource/css/highlight/github.css\u001b[39m","time":"2017-01-01T17:46:56.744Z","v":0}
{"name":"hexo","hostname":"lingdeMacBook.local","pid":5281,"level":20,"msg":"Processed: \u001b[35msource/css/highlight/googlecode.css\u001b[39m","time":"2017-01-01T17:46:56.744Z","v":0}
{"name":"hexo","hostname":"lingdeMacBook.local","pid":5281,"level":20,"msg":"Processed: \u001b[35msource/css/highlight/grayscale.css\u001b[39m","time":"2017-01-01T17:46:56.745Z","v":0}
{"name":"hexo","hostname":"lingdeMacBook.local","pid":5281,"level":20,"msg":"Processed: \u001b[35msource/css/highlight/hopscotch.css\u001b[39m","time":"2017-01-01T17:46:56.745Z","v":0}
{"name":"hexo","hostname":"lingdeMacBook.local","pid":5281,"level":20,"msg":"Processed: \u001b[35msource/css/highlight/gruvbox-dark.css\u001b[39m","time":"2017-01-01T17:46:56.745Z","v":0}
{"name":"hexo","hostname":"lingdeMacBook.local","pid":5281,"level":20,"msg":"Processed: \u001b[35msource/css/highlight/gruvbox-light.css\u001b[39m","time":"2017-01-01T17:46:56.746Z","v":0}
{"name":"hexo","hostname":"lingdeMacBook.local","pid":5281,"level":20,"msg":"Processed: \u001b[35msource/css/highlight/hybrid.css\u001b[39m","time":"2017-01-01T17:46:56.746Z","v":0}
{"name":"hexo","hostname":"lingdeMacBook.local","pid":5281,"level":20,"msg":"Processed: \u001b[35msource/css/highlight/ir-black.css\u001b[39m","time":"2017-01-01T17:46:56.747Z","v":0}
{"name":"hexo","hostname":"lingdeMacBook.local","pid":5281,"level":20,"msg":"Processed: \u001b[35msource/css/highlight/kimbie.dark.css\u001b[39m","time":"2017-01-01T17:46:56.747Z","v":0}
{"name":"hexo","hostname":"lingdeMacBook.local","pid":5281,"level":20,"msg":"Processed: \u001b[35msource/css/highlight/idea.css\u001b[39m","time":"2017-01-01T17:46:56.748Z","v":0}
{"name":"hexo","hostname":"lingdeMacBook.local","pid":5281,"level":20,"msg":"Processed: \u001b[35msource/css/highlight/kimbie.light.css\u001b[39m","time":"2017-01-01T17:46:56.749Z","v":0}
{"name":"hexo","hostname":"lingdeMacBook.local","pid":5281,"level":20,"msg":"Processed: \u001b[35msource/css/highlight/magula.css\u001b[39m","time":"2017-01-01T17:46:56.749Z","v":0}
{"name":"hexo","hostname":"lingdeMacBook.local","pid":5281,"level":20,"msg":"Processed: \u001b[35msource/css/highlight/monokai.css\u001b[39m","time":"2017-01-01T17:46:56.750Z","v":0}
{"name":"hexo","hostname":"lingdeMacBook.local","pid":5281,"level":20,"msg":"Processed: \u001b[35msource/css/highlight/monokai-sublime.css\u001b[39m","time":"2017-01-01T17:46:56.751Z","v":0}
{"name":"hexo","hostname":"lingdeMacBook.local","pid":5281,"level":20,"msg":"Processed: \u001b[35msource/css/highlight/mono-blue.css\u001b[39m","time":"2017-01-01T17:46:56.752Z","v":0}
{"name":"hexo","hostname":"lingdeMacBook.local","pid":5281,"level":20,"msg":"Processed: \u001b[35msource/css/highlight/obsidian.css\u001b[39m","time":"2017-01-01T17:46:56.752Z","v":0}
{"name":"hexo","hostname":"lingdeMacBook.local","pid":5281,"level":20,"msg":"Processed: \u001b[35msource/css/highlight/paraiso-light.css\u001b[39m","time":"2017-01-01T17:46:56.753Z","v":0}
{"name":"hexo","hostname":"lingdeMacBook.local","pid":5281,"level":20,"msg":"Processed: \u001b[35msource/css/highlight/ocean.css\u001b[39m","time":"2017-01-01T17:46:56.754Z","v":0}
{"name":"hexo","hostname":"lingdeMacBook.local","pid":5281,"level":20,"msg":"Processed: \u001b[35msource/css/highlight/paraiso-dark.css\u001b[39m","time":"2017-01-01T17:46:56.754Z","v":0}
{"name":"hexo","hostname":"lingdeMacBook.local","pid":5281,"level":20,"msg":"Processed: \u001b[35msource/css/highlight/pojoaque.css\u001b[39m","time":"2017-01-01T17:46:56.754Z","v":0}
{"name":"hexo","hostname":"lingdeMacBook.local","pid":5281,"level":20,"msg":"Processed: \u001b[35msource/css/highlight/qtcreator_dark.css\u001b[39m","time":"2017-01-01T17:46:56.755Z","v":0}
{"name":"hexo","hostname":"lingdeMacBook.local","pid":5281,"level":20,"msg":"Processed: \u001b[35msource/css/highlight/purebasic.css\u001b[39m","time":"2017-01-01T17:46:56.755Z","v":0}
{"name":"hexo","hostname":"lingdeMacBook.local","pid":5281,"level":20,"msg":"Processed: \u001b[35msource/css/highlight/rainbow.css\u001b[39m","time":"2017-01-01T17:46:56.755Z","v":0}
{"name":"hexo","hostname":"lingdeMacBook.local","pid":5281,"level":20,"msg":"Processed: \u001b[35msource/css/highlight/qtcreator_light.css\u001b[39m","time":"2017-01-01T17:46:56.756Z","v":0}
{"name":"hexo","hostname":"lingdeMacBook.local","pid":5281,"level":20,"msg":"Processed: \u001b[35msource/css/highlight/school-book.css\u001b[39m","time":"2017-01-01T17:46:56.756Z","v":0}
{"name":"hexo","hostname":"lingdeMacBook.local","pid":5281,"level":20,"msg":"Processed: \u001b[35msource/css/highlight/solarized-dark.css\u001b[39m","time":"2017-01-01T17:46:56.756Z","v":0}
{"name":"hexo","hostname":"lingdeMacBook.local","pid":5281,"level":20,"msg":"Processed: \u001b[35msource/css/highlight/railscasts.css\u001b[39m","time":"2017-01-01T17:46:56.756Z","v":0}
{"name":"hexo","hostname":"lingdeMacBook.local","pid":5281,"level":20,"msg":"Processed: \u001b[35msource/css/highlight/tomorrow-night-blue.css\u001b[39m","time":"2017-01-01T17:46:56.757Z","v":0}
{"name":"hexo","hostname":"lingdeMacBook.local","pid":5281,"level":20,"msg":"Processed: \u001b[35msource/css/highlight/solarized-light.css\u001b[39m","time":"2017-01-01T17:46:56.757Z","v":0}
{"name":"hexo","hostname":"lingdeMacBook.local","pid":5281,"level":20,"msg":"Processed: \u001b[35msource/css/highlight/sunburst.css\u001b[39m","time":"2017-01-01T17:46:56.757Z","v":0}
{"name":"hexo","hostname":"lingdeMacBook.local","pid":5281,"level":20,"msg":"Processed: \u001b[35msource/css/highlight/solarized-white.css\u001b[39m","time":"2017-01-01T17:46:56.758Z","v":0}
{"name":"hexo","hostname":"lingdeMacBook.local","pid":5281,"level":20,"msg":"Processed: \u001b[35msource/css/highlight/tomorrow-night-bright.css\u001b[39m","time":"2017-01-01T17:46:56.758Z","v":0}
{"name":"hexo","hostname":"lingdeMacBook.local","pid":5281,"level":20,"msg":"Processed: \u001b[35msource/css/highlight/tomorrow.css\u001b[39m","time":"2017-01-01T17:46:56.759Z","v":0}
{"name":"hexo","hostname":"lingdeMacBook.local","pid":5281,"level":20,"msg":"Processed: \u001b[35msource/css/highlight/tomorrow-night-eighties.css\u001b[39m","time":"2017-01-01T17:46:56.759Z","v":0}
{"name":"hexo","hostname":"lingdeMacBook.local","pid":5281,"level":20,"msg":"Processed: \u001b[35msource/css/highlight/tomorrow-night.css\u001b[39m","time":"2017-01-01T17:46:56.759Z","v":0}
{"name":"hexo","hostname":"lingdeMacBook.local","pid":5281,"level":20,"msg":"Processed: \u001b[35msource/css/highlight/vs.css\u001b[39m","time":"2017-01-01T17:46:56.761Z","v":0}
{"name":"hexo","hostname":"lingdeMacBook.local","pid":5281,"level":20,"msg":"Processed: \u001b[35msource/css/highlight/xcode.css\u001b[39m","time":"2017-01-01T17:46:56.761Z","v":0}
{"name":"hexo","hostname":"lingdeMacBook.local","pid":5281,"level":20,"msg":"Processed: \u001b[35msource/css/highlight/xt256.css\u001b[39m","time":"2017-01-01T17:46:56.761Z","v":0}
{"name":"hexo","hostname":"lingdeMacBook.local","pid":5281,"level":20,"msg":"Processed: \u001b[35msource/css/highlight/zenburn.css\u001b[39m","time":"2017-01-01T17:46:56.762Z","v":0}
{"name":"hexo","hostname":"lingdeMacBook.local","pid":5281,"level":20,"msg":"Processed: \u001b[35msource/fonts/MaterialIcons-Regular.eot\u001b[39m","time":"2017-01-01T17:46:56.762Z","v":0}
{"name":"hexo","hostname":"lingdeMacBook.local","pid":5281,"level":20,"msg":"Processed: \u001b[35msource/img/footer/footer_ico-github.png\u001b[39m","time":"2017-01-01T17:46:56.762Z","v":0}
{"name":"hexo","hostname":"lingdeMacBook.local","pid":5281,"level":20,"msg":"Processed: \u001b[35msource/fonts/fontawesome-webfont.ttf\u001b[39m","time":"2017-01-01T17:46:56.762Z","v":0}
{"name":"hexo","hostname":"lingdeMacBook.local","pid":5281,"level":20,"msg":"Processed: \u001b[35msource/img/footer/footer_ico-facebook.png\u001b[39m","time":"2017-01-01T17:46:56.763Z","v":0}
{"name":"hexo","hostname":"lingdeMacBook.local","pid":5281,"level":20,"msg":"Processed: \u001b[35msource/img/footer/footer_ico-gplus.png\u001b[39m","time":"2017-01-01T17:46:56.763Z","v":0}
{"name":"hexo","hostname":"lingdeMacBook.local","pid":5281,"level":20,"msg":"Processed: \u001b[35msource/img/footer/footer_ico-instagram.png\u001b[39m","time":"2017-01-01T17:46:56.763Z","v":0}
{"name":"hexo","hostname":"lingdeMacBook.local","pid":5281,"level":20,"msg":"Processed: \u001b[35msource/img/footer/footer_ico-linkedin.png\u001b[39m","time":"2017-01-01T17:46:56.763Z","v":0}
{"name":"hexo","hostname":"lingdeMacBook.local","pid":5281,"level":20,"msg":"Processed: \u001b[35msource/img/footer/footer_ico-tumblr.png\u001b[39m","time":"2017-01-01T17:46:56.764Z","v":0}
{"name":"hexo","hostname":"lingdeMacBook.local","pid":5281,"level":20,"msg":"Processed: \u001b[35msource/img/footer/footer_ico-twitter.png\u001b[39m","time":"2017-01-01T17:46:56.764Z","v":0}
{"name":"hexo","hostname":"lingdeMacBook.local","pid":5281,"level":20,"msg":"Processed: \u001b[35msource/img/gallery/arrow.svg\u001b[39m","time":"2017-01-01T17:46:56.764Z","v":0}
{"name":"hexo","hostname":"lingdeMacBook.local","pid":5281,"level":20,"msg":"Processed: \u001b[35msource/img/footer/footer_ico-weibo.png\u001b[39m","time":"2017-01-01T17:46:56.765Z","v":0}
{"name":"hexo","hostname":"lingdeMacBook.local","pid":5281,"level":20,"msg":"Processed: \u001b[35msource/img/gallery/close.svg\u001b[39m","time":"2017-01-01T17:46:56.766Z","v":0}
{"name":"hexo","hostname":"lingdeMacBook.local","pid":5281,"level":20,"msg":"Processed: \u001b[35msource/img/gallery/spinner.svg\u001b[39m","time":"2017-01-01T17:46:56.766Z","v":0}
{"name":"hexo","hostname":"lingdeMacBook.local","pid":5281,"level":20,"msg":"Processed: \u001b[35msource/img/random/1.png\u001b[39m","time":"2017-01-01T17:46:56.767Z","v":0}
{"name":"hexo","hostname":"lingdeMacBook.local","pid":5281,"level":20,"msg":"Processed: \u001b[35msource/img/random/3.png\u001b[39m","time":"2017-01-01T17:46:56.767Z","v":0}
{"name":"hexo","hostname":"lingdeMacBook.local","pid":5281,"level":20,"msg":"Processed: \u001b[35msource/img/random/4.png\u001b[39m","time":"2017-01-01T17:46:56.767Z","v":0}
{"name":"hexo","hostname":"lingdeMacBook.local","pid":5281,"level":20,"msg":"Processed: \u001b[35msource/img/random/2.png\u001b[39m","time":"2017-01-01T17:46:56.768Z","v":0}
{"name":"hexo","hostname":"lingdeMacBook.local","pid":5281,"level":20,"msg":"Processed: \u001b[35msource/img/random/5.png\u001b[39m","time":"2017-01-01T17:46:56.768Z","v":0}
{"name":"hexo","hostname":"lingdeMacBook.local","pid":5281,"level":20,"msg":"Processed: \u001b[35msource/js/gallery/jquery.poptrox.min.js\u001b[39m","time":"2017-01-01T17:46:56.768Z","v":0}
{"name":"hexo","hostname":"lingdeMacBook.local","pid":5281,"level":20,"msg":"Processed: \u001b[35msource/js/gallery/skel.min.js\u001b[39m","time":"2017-01-01T17:46:56.768Z","v":0}
{"name":"hexo","hostname":"lingdeMacBook.local","pid":5281,"level":20,"msg":"Processed: \u001b[35msource/js/gallery/util.min.js\u001b[39m","time":"2017-01-01T17:46:56.769Z","v":0}
{"name":"hexo","hostname":"lingdeMacBook.local","pid":5281,"level":20,"msg":"Processed: \u001b[35msource/js/gallery/main.min.js\u001b[39m","time":"2017-01-01T17:46:56.769Z","v":0}
{"name":"hexo","hostname":"lingdeMacBook.local","pid":5281,"level":20,"msg":"Processed: \u001b[35mlayout/_partial/Isolation-post-info.ejs\u001b[39m","time":"2017-01-01T17:46:56.775Z","v":0}
{"name":"hexo","hostname":"lingdeMacBook.local","pid":5281,"level":20,"msg":"Processed: \u001b[35mlayout/_partial/Paradox-post-info.ejs\u001b[39m","time":"2017-01-01T17:46:56.819Z","v":0}
{"name":"hexo","hostname":"lingdeMacBook.local","pid":5281,"level":20,"msg":"Processed: \u001b[35mlayout/_partial/Isolation-post_entry.ejs\u001b[39m","time":"2017-01-01T17:46:56.819Z","v":0}
{"name":"hexo","hostname":"lingdeMacBook.local","pid":5281,"level":20,"msg":"Processed: \u001b[35mlayout/_partial/Paradox-post-thumbnail.ejs\u001b[39m","time":"2017-01-01T17:46:56.819Z","v":0}
{"name":"hexo","hostname":"lingdeMacBook.local","pid":5281,"level":20,"msg":"Processed: \u001b[35mlayout/_partial/Paradox-search.ejs\u001b[39m","time":"2017-01-01T17:46:56.819Z","v":0}
{"name":"hexo","hostname":"lingdeMacBook.local","pid":5281,"level":20,"msg":"Processed: \u001b[35mlayout/_partial/Paradox-post_entry.ejs\u001b[39m","time":"2017-01-01T17:46:56.819Z","v":0}
{"name":"hexo","hostname":"lingdeMacBook.local","pid":5281,"level":20,"msg":"Processed: \u001b[35mlayout/_partial/Paradox-post_entry-thumbnail.ejs\u001b[39m","time":"2017-01-01T17:46:56.819Z","v":0}
{"name":"hexo","hostname":"lingdeMacBook.local","pid":5281,"level":20,"msg":"Processed: \u001b[35mlayout/_partial/blog_info.ejs\u001b[39m","time":"2017-01-01T17:46:56.819Z","v":0}
{"name":"hexo","hostname":"lingdeMacBook.local","pid":5281,"level":20,"msg":"Processed: \u001b[35mlayout/_partial/comment.ejs\u001b[39m","time":"2017-01-01T17:46:56.820Z","v":0}
{"name":"hexo","hostname":"lingdeMacBook.local","pid":5281,"level":20,"msg":"Processed: \u001b[35mlayout/_partial/config_css.ejs\u001b[39m","time":"2017-01-01T17:46:56.820Z","v":0}
{"name":"hexo","hostname":"lingdeMacBook.local","pid":5281,"level":20,"msg":"Processed: \u001b[35mlayout/_partial/footer-left.ejs\u001b[39m","time":"2017-01-01T17:46:56.820Z","v":0}
{"name":"hexo","hostname":"lingdeMacBook.local","pid":5281,"level":20,"msg":"Processed: \u001b[35mlayout/_partial/daily_pic.ejs\u001b[39m","time":"2017-01-01T17:46:56.820Z","v":0}
{"name":"hexo","hostname":"lingdeMacBook.local","pid":5281,"level":20,"msg":"Processed: \u001b[35mlayout/_partial/footer-option.ejs\u001b[39m","time":"2017-01-01T17:46:56.820Z","v":0}
{"name":"hexo","hostname":"lingdeMacBook.local","pid":5281,"level":20,"msg":"Processed: \u001b[35mlayout/_partial/footer_top.ejs\u001b[39m","time":"2017-01-01T17:46:56.820Z","v":0}
{"name":"hexo","hostname":"lingdeMacBook.local","pid":5281,"level":20,"msg":"Processed: \u001b[35mlayout/_partial/import_js.ejs\u001b[39m","time":"2017-01-01T17:46:56.820Z","v":0}
{"name":"hexo","hostname":"lingdeMacBook.local","pid":5281,"level":20,"msg":"Processed: \u001b[35mlayout/_partial/head.ejs\u001b[39m","time":"2017-01-01T17:46:56.820Z","v":0}
{"name":"hexo","hostname":"lingdeMacBook.local","pid":5281,"level":20,"msg":"Processed: \u001b[35mlayout/_partial/footer.ejs\u001b[39m","time":"2017-01-01T17:46:56.820Z","v":0}
{"name":"hexo","hostname":"lingdeMacBook.local","pid":5281,"level":20,"msg":"Processed: \u001b[35mlayout/_partial/isolate-sns_list.ejs\u001b[39m","time":"2017-01-01T17:46:56.820Z","v":0}
{"name":"hexo","hostname":"lingdeMacBook.local","pid":5281,"level":20,"msg":"Processed: \u001b[35mlayout/_partial/isolate_info.ejs\u001b[39m","time":"2017-01-01T17:46:56.820Z","v":0}
{"name":"hexo","hostname":"lingdeMacBook.local","pid":5281,"level":20,"msg":"Processed: \u001b[35mlayout/_partial/post-content.ejs\u001b[39m","time":"2017-01-01T17:46:56.820Z","v":0}
{"name":"hexo","hostname":"lingdeMacBook.local","pid":5281,"level":20,"msg":"Processed: \u001b[35mlayout/_partial/post-header.ejs\u001b[39m","time":"2017-01-01T17:46:56.820Z","v":0}
{"name":"hexo","hostname":"lingdeMacBook.local","pid":5281,"level":20,"msg":"Processed: \u001b[35mlayout/_partial/nprogress.ejs\u001b[39m","time":"2017-01-01T17:46:56.820Z","v":0}
{"name":"hexo","hostname":"lingdeMacBook.local","pid":5281,"level":20,"msg":"Processed: \u001b[35mlayout/_partial/post-info-share.ejs\u001b[39m","time":"2017-01-01T17:46:56.821Z","v":0}
{"name":"hexo","hostname":"lingdeMacBook.local","pid":5281,"level":20,"msg":"Processed: \u001b[35mlayout/_partial/post-nav.ejs\u001b[39m","time":"2017-01-01T17:46:56.821Z","v":0}
{"name":"hexo","hostname":"lingdeMacBook.local","pid":5281,"level":20,"msg":"Processed: \u001b[35mlayout/_partial/sidebar-header.ejs\u001b[39m","time":"2017-01-01T17:46:56.821Z","v":0}
{"name":"hexo","hostname":"lingdeMacBook.local","pid":5281,"level":20,"msg":"Processed: \u001b[35mlayout/_partial/sidebar-footer.ejs\u001b[39m","time":"2017-01-01T17:46:56.821Z","v":0}
{"name":"hexo","hostname":"lingdeMacBook.local","pid":5281,"level":20,"msg":"Processed: \u001b[35mlayout/_partial/sidebar-sponsor.ejs\u001b[39m","time":"2017-01-01T17:46:56.821Z","v":0}
{"name":"hexo","hostname":"lingdeMacBook.local","pid":5281,"level":20,"msg":"Processed: \u001b[35mlayout/_partial/sidebar-navigation.ejs\u001b[39m","time":"2017-01-01T17:46:56.821Z","v":0}
{"name":"hexo","hostname":"lingdeMacBook.local","pid":5281,"level":20,"msg":"Processed: \u001b[35mlayout/_partial/sidebar.ejs\u001b[39m","time":"2017-01-01T17:46:56.821Z","v":0}
{"name":"hexo","hostname":"lingdeMacBook.local","pid":5281,"level":20,"msg":"Processed: \u001b[35mlayout/_widget/disqus.ejs\u001b[39m","time":"2017-01-01T17:46:56.821Z","v":0}
{"name":"hexo","hostname":"lingdeMacBook.local","pid":5281,"level":20,"msg":"Processed: \u001b[35mlayout/_partial/toc_button.ejs\u001b[39m","time":"2017-01-01T17:46:56.821Z","v":0}
{"name":"hexo","hostname":"lingdeMacBook.local","pid":5281,"level":20,"msg":"Processed: \u001b[35mlayout/_widget/duoshuo.ejs\u001b[39m","time":"2017-01-01T17:46:56.821Z","v":0}
{"name":"hexo","hostname":"lingdeMacBook.local","pid":5281,"level":20,"msg":"Processed: \u001b[35mlayout/_widget/leancloud-like.ejs\u001b[39m","time":"2017-01-01T17:46:56.821Z","v":0}
{"name":"hexo","hostname":"lingdeMacBook.local","pid":5281,"level":20,"msg":"Processed: \u001b[35mlayout/_widget/leancloud-views.ejs\u001b[39m","time":"2017-01-01T17:46:56.821Z","v":0}
{"name":"hexo","hostname":"lingdeMacBook.local","pid":5281,"level":20,"msg":"Processed: \u001b[35mlayout/_widget/leancloud-views_num.ejs\u001b[39m","time":"2017-01-01T17:46:56.821Z","v":0}
{"name":"hexo","hostname":"lingdeMacBook.local","pid":5281,"level":20,"msg":"Processed: \u001b[35mlayout/_widget/mathjax.ejs\u001b[39m","time":"2017-01-01T17:46:56.822Z","v":0}
{"name":"hexo","hostname":"lingdeMacBook.local","pid":5281,"level":20,"msg":"Processed: \u001b[35mlayout/_widget/page-gallery.ejs\u001b[39m","time":"2017-01-01T17:46:56.822Z","v":0}
{"name":"hexo","hostname":"lingdeMacBook.local","pid":5281,"level":20,"msg":"Processed: \u001b[35mlayout/_widget/page-links.ejs\u001b[39m","time":"2017-01-01T17:46:56.822Z","v":0}
{"name":"hexo","hostname":"lingdeMacBook.local","pid":5281,"level":20,"msg":"Processed: \u001b[35mlayout/_widget/page-tagcloud.ejs\u001b[39m","time":"2017-01-01T17:46:56.822Z","v":0}
{"name":"hexo","hostname":"lingdeMacBook.local","pid":5281,"level":20,"msg":"Processed: \u001b[35mlayout/_widget/search-local-js.ejs\u001b[39m","time":"2017-01-01T17:46:56.822Z","v":0}
{"name":"hexo","hostname":"lingdeMacBook.local","pid":5281,"level":20,"msg":"Processed: \u001b[35mlayout/_widget/search-swiftype-js.ejs\u001b[39m","time":"2017-01-01T17:46:56.822Z","v":0}
{"name":"hexo","hostname":"lingdeMacBook.local","pid":5281,"level":20,"msg":"Processed: \u001b[35msource/fonts/fontawesome-webfont.svg\u001b[39m","time":"2017-01-01T17:46:56.825Z","v":0}
{"name":"hexo","hostname":"lingdeMacBook.local","pid":5281,"level":20,"msg":"Processed: \u001b[35msource/fonts/Roboto-Black.ttf\u001b[39m","time":"2017-01-01T17:46:56.832Z","v":0}
{"name":"hexo","hostname":"lingdeMacBook.local","pid":5281,"level":20,"msg":"Processed: \u001b[35msource/fonts/Roboto-Bold.ttf\u001b[39m","time":"2017-01-01T17:46:56.832Z","v":0}
{"name":"hexo","hostname":"lingdeMacBook.local","pid":5281,"level":20,"msg":"Processed: \u001b[35msource/fonts/Roboto-Light.ttf\u001b[39m","time":"2017-01-01T17:46:56.832Z","v":0}
{"name":"hexo","hostname":"lingdeMacBook.local","pid":5281,"level":20,"msg":"Processed: \u001b[35msource/fonts/Roboto-Thin.ttf\u001b[39m","time":"2017-01-01T17:46:56.833Z","v":0}
{"name":"hexo","hostname":"lingdeMacBook.local","pid":5281,"level":20,"msg":"Processed: \u001b[35msource/fonts/Roboto-Medium.ttf\u001b[39m","time":"2017-01-01T17:46:56.833Z","v":0}
{"name":"hexo","hostname":"lingdeMacBook.local","pid":5281,"level":20,"msg":"Processed: \u001b[35msource/fonts/Roboto-Regular.ttf\u001b[39m","time":"2017-01-01T17:46:56.833Z","v":0}
{"name":"hexo","hostname":"lingdeMacBook.local","pid":5281,"level":20,"msg":"Generator: \u001b[35mpage\u001b[39m","time":"2017-01-01T17:46:56.927Z","v":0}
{"name":"hexo","hostname":"lingdeMacBook.local","pid":5281,"level":20,"msg":"Generator: \u001b[35mpost\u001b[39m","time":"2017-01-01T17:46:56.927Z","v":0}
{"name":"hexo","hostname":"lingdeMacBook.local","pid":5281,"level":20,"msg":"Generator: \u001b[35mtag\u001b[39m","time":"2017-01-01T17:46:56.927Z","v":0}
{"name":"hexo","hostname":"lingdeMacBook.local","pid":5281,"level":20,"msg":"Generator: \u001b[35mcategory\u001b[39m","time":"2017-01-01T17:46:56.927Z","v":0}
{"name":"hexo","hostname":"lingdeMacBook.local","pid":5281,"level":20,"msg":"Generator: \u001b[35marchive\u001b[39m","time":"2017-01-01T17:46:56.927Z","v":0}
{"name":"hexo","hostname":"lingdeMacBook.local","pid":5281,"level":20,"msg":"Generator: \u001b[35mindex\u001b[39m","time":"2017-01-01T17:46:56.927Z","v":0}
{"name":"hexo","hostname":"lingdeMacBook.local","pid":5281,"level":20,"msg":"Generator: \u001b[35masset\u001b[39m","time":"2017-01-01T17:46:56.935Z","v":0}
{"name":"hexo","hostname":"lingdeMacBook.local","pid":5281,"level":30,"msg":"Hexo is running at \u001b[4mhttp://localhost:4000/\u001b[24m. Press Ctrl+C to stop.","time":"2017-01-01T17:46:56.943Z","v":0}
{"name":"hexo","hostname":"lingdeMacBook.local","pid":5281,"level":20,"msg":"Database saved","time":"2017-01-01T17:46:56.962Z","v":0}
{"name":"hexo","hostname":"lingdeMacBook.local","pid":5281,"level":20,"msg":"Rendering index: \u001b[35mindex.html\u001b[39m","time":"2017-01-01T17:47:01.398Z","v":0}
{"name":"hexo","hostname":"lingdeMacBook.local","pid":5281,"level":20,"msg":"Rendering index: \u001b[35mindex.html\u001b[39m","time":"2017-01-01T17:47:04.133Z","v":0}
{"name":"hexo","hostname":"lingdeMacBook.local","pid":5281,"level":30,"msg":"See you again","time":"2017-01-01T17:47:08.761Z","v":0}
{"name":"hexo","hostname":"lingdeMacBook.local","pid":5281,"level":20,"msg":"Database saved","time":"2017-01-01T17:47:08.772Z","v":0}
